#
# A fatal error has been detected by the Java Runtime Environment:
#
#  SIGSEGV (0xb) at pc=0x00007fff948900e9, pid=18537, tid=51463
#
# JRE version: Java(TM) SE Runtime Environment (8.0_45-b14) (build 1.8.0_45-b14)
# Java VM: Java HotSpot(TM) 64-Bit Server VM (25.45-b02 mixed mode bsd-amd64 compressed oops)
# Problematic frame:
# C  [libobjc.A.dylib+0x10e9]  objc_msgSend+0x29
#
# Failed to write core dump. Core dumps have been disabled. To enable core dumping, try "ulimit -c unlimited" before starting Java again
#
# If you would like to submit a bug report, please visit:
#   http://bugreport.java.com/bugreport/crash.jsp
# The crash happened outside the Java Virtual Machine in native code.
# See problematic frame for where to report the bug.
#

---------------  T H R E A D  ---------------

Current thread (0x00007fc1ec0d8000):  JavaThread "Java2D Queue Flusher" daemon [_thread_in_native, id=51463, stack(0x0000000126afd000,0x0000000126bfd000)]

siginfo: si_signo: 11 (SIGSEGV), si_code: 0 (unknown), si_addr: 0x0000000000000000

Registers:
RAX=0x00007fc1ed1f5000, RBX=0x00007fc1edb3f090, RCX=0x00007fc1ed1f5040, RDX=0x0000000000000000
RSP=0x0000000126bfc6d8, RBP=0x0000000126bfc700, RSI=0x00007fff93afee91, RDI=0x0000000109eaa510
R8 =0x0000000000000000, R9 =0x000000007a000003, R10=0xe589485df439c141, R11=0x0000000109a527d0
R12=0x00007fc1ed1f5038, R13=0x000000011ee4cd50, R14=0x00007fc1ec0d81f8, R15=0x000000010a8171d0
RIP=0x00007fff948900e9, EFLAGS=0x0000000000010286, ERR=0x0000000000000000
  TRAPNO=0x000000000000000d

Top of Stack: (sp=0x0000000126bfc6d8)
0x0000000126bfc6d8:   00000001226bbe65 00007fc1eb416850
0x0000000126bfc6e8:   0000000000000000 00007fc1ec10f840
0x0000000126bfc6f8:   00007fc1edb7bed0 0000000126bfc780
0x0000000126bfc708:   00000001226dc28a 0000000000000000
0x0000000126bfc718:   000000020000008c 0000000000000000
0x0000000126bfc728:   00000001eb916e0a 0000000000000064
0x0000000126bfc738:   00007fc1ec0d8000 0000000000000bad
0x0000000126bfc748:   00007fc1ec10f850 00007fc1000d8000
0x0000000126bfc758:   00007fc1ec0d81f8 000000011ee4cd50
0x0000000126bfc768:   0000000000000000 0000000126bfc830
0x0000000126bfc778:   00007fc1ec0d8000 0000000126bfc7f8
0x0000000126bfc788:   000000010a57e954 0000000000000001
0x0000000126bfc798:   0000000000000000 00007fc1eb68dad0
0x0000000126bfc7a8:   0000000797278a00 0000000126bfc7d0
0x0000000126bfc7b8:   0000000126bfc7b8 0000000000000000
0x0000000126bfc7c8:   0000000126bfc830 000000011ee4dde8
0x0000000126bfc7d8:   0000000000000000 000000011ee4cd50
0x0000000126bfc7e8:   0000000000000000 0000000126bfc818
0x0000000126bfc7f8:   0000000126bfc878 000000010a570c4d
0x0000000126bfc808:   0000000000000000 000000010a578578
0x0000000126bfc818:   0000000000000050 00007fc1ec10f800
0x0000000126bfc828:   0000000797615218 0000000797615200
0x0000000126bfc838:   0000000126bfc838 000000011ee4cdfd
0x0000000126bfc848:   0000000126bfc890 000000011ee4dde8
0x0000000126bfc858:   0000000000000000 000000011ee4ce20
0x0000000126bfc868:   0000000126bfc818 0000000126bfc890
0x0000000126bfc878:   0000000126bfc8d8 000000010a570c4d
0x0000000126bfc888:   0000000000000050 0000000797615200
0x0000000126bfc898:   0000000126bfc898 000000011ee4cfd9
0x0000000126bfc8a8:   0000000126bfc8e8 000000011ee4dde8
0x0000000126bfc8b8:   0000000000000000 000000011ee4cfe8
0x0000000126bfc8c8:   0000000126bfc890 0000000126bfc8e8 

Instructions: (pc=0x00007fff948900e9)
0x00007fff948900c9:   01 2e 75 7e 49 bb f8 ff ff ff ff 7f 00 00 4c 23
0x00007fff948900d9:   1f 49 89 f2 45 23 53 18 49 c1 e2 04 4d 03 53 10
0x00007fff948900e9:   49 3b 32 75 04 41 ff 62 08 49 83 3a 00 74 6a 4d
0x00007fff948900f9:   3b 53 10 74 0d 49 83 ea 10 49 3b 32 75 eb 41 ff 

Register to memory mapping:

RAX=0x00007fc1ed1f5000 is an unknown value
RBX=0x00007fc1edb3f090 is an unknown value
RCX=0x00007fc1ed1f5040 is an unknown value
RDX=0x0000000000000000 is an unknown value
RSP=0x0000000126bfc6d8 is pointing into the stack for thread: 0x00007fc1ec0d8000
RBP=0x0000000126bfc700 is pointing into the stack for thread: 0x00007fc1ec0d8000
RSI=0x00007fff93afee91: -[NSTitlebarContainerView transparent]+0xcd85 in /System/Library/Frameworks/AppKit.framework/Versions/C/AppKit at 0x00007fff9314f000
RDI=0x0000000109eaa510: _ZTV7nmethod+0x10 in /Library/Java/JavaVirtualMachines/jdk1.8.0_45.jdk/Contents/Home/jre/lib/server/libjvm.dylib at 0x0000000109600000
R8 =0x0000000000000000 is an unknown value
R9 =0x000000007a000003 is an unknown value
R10=0xe589485df439c141 is an unknown value
R11=0x0000000109a527d0: _ZN7nmethod32add_handler_for_exception_and_pcE6HandlePhS1_+0xba in /Library/Java/JavaVirtualMachines/jdk1.8.0_45.jdk/Contents/Home/jre/lib/server/libjvm.dylib at 0x0000000109600000
R12=0x00007fc1ed1f5038 is an unknown value
R13={method} {0x000000011ee4cd50} 'flushBuffer' '(JI)V' in 'sun/java2d/opengl/OGLRenderQueue'
R14=0x00007fc1ec0d81f8 is an unknown value
R15=0x000000010a8171d0 is at entry_point+-464 in (nmethod*)0x000000010a8171d0


Stack: [0x0000000126afd000,0x0000000126bfd000],  sp=0x0000000126bfc6d8,  free space=1021k
Native frames: (J=compiled Java code, j=interpreted, Vv=VM code, C=native code)
C  [libobjc.A.dylib+0x10e9]  objc_msgSend+0x29
C  [libawt_lwawt.dylib+0x3b28a]  Java_sun_java2d_opengl_OGLRenderQueue_flushBuffer+0x63a
j  sun.java2d.opengl.OGLRenderQueue.flushBuffer(JI)V+0
j  sun.java2d.opengl.OGLRenderQueue.flushBuffer()V+21
j  sun.java2d.opengl.OGLRenderQueue.access$100(Lsun/java2d/opengl/OGLRenderQueue;)V+1
j  sun.java2d.opengl.OGLRenderQueue$QueueFlusher.run()V+81
v  ~StubRoutines::call_stub
V  [libjvm.dylib+0x2e032a]
V  [libjvm.dylib+0x2e0ab8]
V  [libjvm.dylib+0x2e0c64]
V  [libjvm.dylib+0x3331a5]
V  [libjvm.dylib+0x549acf]
V  [libjvm.dylib+0x54b1c0]
V  [libjvm.dylib+0x46ea7e]
C  [libsystem_pthread.dylib+0x405a]  _pthread_body+0x83
C  [libsystem_pthread.dylib+0x3fd7]  _pthread_body+0x0
C  [libsystem_pthread.dylib+0x13ed]  thread_start+0xd
C  0x0000000000000000

Java frames: (J=compiled Java code, j=interpreted, Vv=VM code)
j  sun.java2d.opengl.OGLRenderQueue.flushBuffer(JI)V+0
j  sun.java2d.opengl.OGLRenderQueue.flushBuffer()V+21
j  sun.java2d.opengl.OGLRenderQueue.access$100(Lsun/java2d/opengl/OGLRenderQueue;)V+1
j  sun.java2d.opengl.OGLRenderQueue$QueueFlusher.run()V+81
v  ~StubRoutines::call_stub

---------------  P R O C E S S  ---------------

Java Threads: ( => current thread )
  0x00007fc1ec1f1800 JavaThread "Image Fetcher 0" daemon [_thread_blocked, id=21719, stack(0x000000012c612000,0x000000012c712000)]
  0x00007fc1ec147000 JavaThread "TimerQueue" daemon [_thread_blocked, id=13043, stack(0x0000000129f1f000,0x000000012a01f000)]
  0x00007fc1eb987800 JavaThread "Java2D Disposer" daemon [_thread_blocked, id=53271, stack(0x0000000127b84000,0x0000000127c84000)]
=>0x00007fc1ec0d8000 JavaThread "Java2D Queue Flusher" daemon [_thread_in_native, id=51463, stack(0x0000000126afd000,0x0000000126bfd000)]
  0x00007fc1ec895800 JavaThread "DestroyJavaVM" [_thread_blocked, id=4867, stack(0x0000000108c88000,0x0000000108d88000)]
  0x00007fc1eb8d1000 JavaThread "AWT-EventQueue-0" [_thread_blocked, id=49419, stack(0x00000001268ee000,0x00000001269ee000)]
  0x00007fc1ec074000 JavaThread "AWT-Shutdown" [_thread_blocked, id=28435, stack(0x0000000123f15000,0x0000000124015000)]
  0x00007fc1ec067800 JavaThread "AppKit Thread" daemon [_thread_in_native, id=1811, stack(0x00007fff5688f000,0x00007fff5708f000)]
  0x00007fc1ec823000 JavaThread "Service Thread" daemon [_thread_blocked, id=18179, stack(0x00000001222f0000,0x00000001223f0000)]
  0x00007fc1ec800800 JavaThread "C1 CompilerThread2" daemon [_thread_blocked, id=17667, stack(0x00000001221ed000,0x00000001222ed000)]
  0x00007fc1ec049000 JavaThread "C2 CompilerThread1" daemon [_thread_blocked, id=17155, stack(0x00000001220ea000,0x00000001221ea000)]
  0x00007fc1ec044800 JavaThread "C2 CompilerThread0" daemon [_thread_blocked, id=16643, stack(0x0000000121fe7000,0x00000001220e7000)]
  0x00007fc1ec043800 JavaThread "Signal Dispatcher" daemon [_thread_blocked, id=13331, stack(0x0000000121ee4000,0x0000000121fe4000)]
  0x00007fc1eb82e000 JavaThread "Finalizer" daemon [_thread_blocked, id=11523, stack(0x00000001204de000,0x00000001205de000)]
  0x00007fc1eb82d000 JavaThread "Reference Handler" daemon [_thread_blocked, id=11011, stack(0x00000001203db000,0x00000001204db000)]

Other Threads:
  0x00007fc1eb82a800 VMThread [stack: 0x00000001202d8000,0x00000001203d8000] [id=10499]
  0x00007fc1ec824000 WatcherThread [stack: 0x00000001223f3000,0x00000001224f3000] [id=18691]

VM state:not at safepoint (normal execution)

VM Mutex/Monitor currently owned by a thread: None

Heap:
 PSYoungGen      total 38400K, used 6909K [0x0000000795580000, 0x0000000798000000, 0x00000007c0000000)
  eden space 33280K, 5% used [0x0000000795580000,0x0000000795746e08,0x0000000797600000)
  from space 5120K, 99% used [0x0000000797600000,0x0000000797af8820,0x0000000797b00000)
  to   space 5120K, 0% used [0x0000000797b00000,0x0000000797b00000,0x0000000798000000)
 ParOldGen       total 87552K, used 88K [0x0000000740000000, 0x0000000745580000, 0x0000000795580000)
  object space 87552K, 0% used [0x0000000740000000,0x0000000740016010,0x0000000745580000)
 Metaspace       used 18831K, capacity 19030K, committed 19328K, reserved 1067008K
  class space    used 2563K, capacity 2646K, committed 2688K, reserved 1048576K

Card table byte_map: [0x0000000119929000,0x0000000119d2a000] byte_map_base: 0x0000000115f29000

Marking Bits: (ParMarkBitMap*) 0x0000000109ec27a0
 Begin Bits: [0x000000011a3e1000, 0x000000011c3e1000)
 End Bits:   [0x000000011c3e1000, 0x000000011e3e1000)

Polling page: 0x0000000108dcd000

CodeCache: size=245760Kb used=4777Kb max_used=4860Kb free=240982Kb
 bounds [0x000000010a569000, 0x000000010aa39000, 0x0000000119569000]
 total_blobs=2111 nmethods=1546 adapters=477
 compilation: enabled

Compilation events (10 events):
Event: 338.648 Thread 0x00007fc1ec800800 nmethod 1627 0x000000010a72f050 code [0x000000010a72f1c0, 0x000000010a72f5b0]
Event: 338.648 Thread 0x00007fc1ec800800 1628       3       sun.awt.image.IntegerInterleavedRaster::<init> (32 bytes)
Event: 338.649 Thread 0x00007fc1ec800800 nmethod 1628 0x000000010a67a8d0 code [0x000000010a67aa60, 0x000000010a67af48]
Event: 338.649 Thread 0x00007fc1ec800800 1623       3       java.awt.geom.Rectangle2D$Float::<init> (14 bytes)
Event: 338.651 Thread 0x00007fc1ec800800 nmethod 1623 0x000000010a827990 code [0x000000010a827b20, 0x000000010a827e10]
Event: 338.651 Thread 0x00007fc1ec800800 1624       3       java.awt.geom.Rectangle2D$Float::setRect (22 bytes)
Event: 338.651 Thread 0x00007fc1ec800800 nmethod 1624 0x000000010a866c10 code [0x000000010a866d60, 0x000000010a866ed0]
Event: 338.651 Thread 0x00007fc1ec800800 1633       3       java.lang.ref.ReferenceQueue::remove (6 bytes)
Event: 338.651 Thread 0x00007fc1ec800800 nmethod 1633 0x000000010a6b9710 code [0x000000010a6b9880, 0x000000010a6b9a88]
Event: 338.652 Thread 0x00007fc1ec800800 1634       3       java.lang.ref.ReferenceQueue::reallyPoll (66 bytes)

GC Heap History (2 events):
Event: 338.633 GC heap before
{Heap before GC invocations=1 (full 0):
 PSYoungGen      total 38400K, used 33280K [0x0000000795580000, 0x0000000798000000, 0x00000007c0000000)
  eden space 33280K, 100% used [0x0000000795580000,0x0000000797600000,0x0000000797600000)
  from space 5120K, 0% used [0x0000000797b00000,0x0000000797b00000,0x0000000798000000)
  to   space 5120K, 0% used [0x0000000797600000,0x0000000797600000,0x0000000797b00000)
 ParOldGen       total 87552K, used 0K [0x0000000740000000, 0x0000000745580000, 0x0000000795580000)
  object space 87552K, 0% used [0x0000000740000000,0x0000000740000000,0x0000000745580000)
 Metaspace       used 18820K, capacity 19030K, committed 19328K, reserved 1067008K
  class space    used 2563K, capacity 2646K, committed 2688K, reserved 1048576K
Event: 338.642 GC heap after
Heap after GC invocations=1 (full 0):
 PSYoungGen      total 38400K, used 5090K [0x0000000795580000, 0x0000000798000000, 0x00000007c0000000)
  eden space 33280K, 0% used [0x0000000795580000,0x0000000795580000,0x0000000797600000)
  from space 5120K, 99% used [0x0000000797600000,0x0000000797af8820,0x0000000797b00000)
  to   space 5120K, 0% used [0x0000000797b00000,0x0000000797b00000,0x0000000798000000)
 ParOldGen       total 87552K, used 88K [0x0000000740000000, 0x0000000745580000, 0x0000000795580000)
  object space 87552K, 0% used [0x0000000740000000,0x0000000740016010,0x0000000745580000)
 Metaspace       used 18820K, capacity 19030K, committed 19328K, reserved 1067008K
  class space    used 2563K, capacity 2646K, committed 2688K, reserved 1048576K
}

Deoptimization events (10 events):
Event: 1.810 Thread 0x00007fc1ec178000 Uncommon trap: reason=unstable_if action=reinterpret pc=0x000000010a6fb824 method=sun.nio.cs.UTF_8$Encoder.encode([CII[B)I @ 33
Event: 1.837 Thread 0x00007fc1eb8d1000 Uncommon trap: reason=unstable_if action=reinterpret pc=0x000000010a7d87b0 method=java.util.HashMap.getNode(ILjava/lang/Object;)Ljava/util/HashMap$Node; @ 62
Event: 1.837 Thread 0x00007fc1eb8d1000 Uncommon trap: reason=unstable_if action=reinterpret pc=0x000000010a7dbf3c method=java.util.HashMap.getNode(ILjava/lang/Object;)Ljava/util/HashMap$Node; @ 62
Event: 1.893 Thread 0x00007fc1eb8d1000 Uncommon trap: reason=unstable_if action=reinterpret pc=0x000000010a7862f4 method=java.lang.AbstractStringBuilder.append(Ljava/lang/String;)Ljava/lang/AbstractStringBuilder; @ 1
Event: 1.894 Thread 0x00007fc1eb8d1000 Uncommon trap: reason=unstable_if action=reinterpret pc=0x000000010a777268 method=java.lang.AbstractStringBuilder.append(Ljava/lang/String;)Ljava/lang/AbstractStringBuilder; @ 1
Event: 1.906 Thread 0x00007fc1eb8d1000 Uncommon trap: reason=unstable_if action=reinterpret pc=0x000000010a6f9d1c method=java.lang.String.replace(CC)Ljava/lang/String; @ 26
Event: 1.975 Thread 0x00007fc1eb8d1000 Uncommon trap: reason=class_check action=maybe_recompile pc=0x000000010a6e828c method=java.lang.String.equals(Ljava/lang/Object;)Z @ 8
Event: 1.975 Thread 0x00007fc1eb8d1000 Uncommon trap: reason=class_check action=maybe_recompile pc=0x000000010a6e828c method=java.lang.String.equals(Ljava/lang/Object;)Z @ 8
Event: 1.975 Thread 0x00007fc1eb8d1000 Uncommon trap: reason=class_check action=maybe_recompile pc=0x000000010a6e828c method=java.lang.String.equals(Ljava/lang/Object;)Z @ 8
Event: 1.975 Thread 0x00007fc1eb8d1000 Uncommon trap: reason=class_check action=maybe_recompile pc=0x000000010a6e828c method=java.lang.String.equals(Ljava/lang/Object;)Z @ 8

Internal exceptions (10 events):
Event: 338.329 Thread 0x00007fc1eb8d1000 Exception <a 'java/io/FileNotFoundException'> (0x000000079705db48) thrown at [/Users/java_re/workspace/8-2-build-macosx-x86_64/jdk8u45/3457/hotspot/src/share/vm/prims/jni.cpp, line 709]
Event: 338.337 Thread 0x00007fc1eb8d1000 Exception <a 'java/io/FileNotFoundException'> (0x0000000797074690) thrown at [/Users/java_re/workspace/8-2-build-macosx-x86_64/jdk8u45/3457/hotspot/src/share/vm/prims/jni.cpp, line 709]
Event: 338.340 Thread 0x00007fc1eb8d1000 Exception <a 'java/io/FileNotFoundException'> (0x000000079707ac90) thrown at [/Users/java_re/workspace/8-2-build-macosx-x86_64/jdk8u45/3457/hotspot/src/share/vm/prims/jni.cpp, line 709]
Event: 338.342 Thread 0x00007fc1eb8d1000 Exception <a 'java/io/FileNotFoundException'> (0x000000079707faf8) thrown at [/Users/java_re/workspace/8-2-build-macosx-x86_64/jdk8u45/3457/hotspot/src/share/vm/prims/jni.cpp, line 709]
Event: 338.345 Thread 0x00007fc1eb8d1000 Exception <a 'java/io/FileNotFoundException'> (0x0000000797084e08) thrown at [/Users/java_re/workspace/8-2-build-macosx-x86_64/jdk8u45/3457/hotspot/src/share/vm/prims/jni.cpp, line 709]
Event: 338.348 Thread 0x00007fc1eb8d1000 Exception <a 'java/io/FileNotFoundException'> (0x000000079708ff88) thrown at [/Users/java_re/workspace/8-2-build-macosx-x86_64/jdk8u45/3457/hotspot/src/share/vm/prims/jni.cpp, line 709]
Event: 338.351 Thread 0x00007fc1eb8d1000 Exception <a 'java/io/FileNotFoundException'> (0x0000000797095070) thrown at [/Users/java_re/workspace/8-2-build-macosx-x86_64/jdk8u45/3457/hotspot/src/share/vm/prims/jni.cpp, line 709]
Event: 338.353 Thread 0x00007fc1eb8d1000 Exception <a 'java/io/FileNotFoundException'> (0x0000000797099e60) thrown at [/Users/java_re/workspace/8-2-build-macosx-x86_64/jdk8u45/3457/hotspot/src/share/vm/prims/jni.cpp, line 709]
Event: 338.646 Thread 0x00007fc1eb82e000 Exception <a 'java/lang/NullPointerException'> (0x00000007956f3bd0) thrown at [/Users/java_re/workspace/8-2-build-macosx-x86_64/jdk8u45/3457/hotspot/src/share/vm/interpreter/linkResolver.cpp, line 1178]
Event: 338.651 Thread 0x00007fc1eb82e000 Exception <a 'java/lang/NullPointerException'> (0x00000007956f3ec8) thrown at [/Users/java_re/workspace/8-2-build-macosx-x86_64/jdk8u45/3457/hotspot/src/share/vm/interpreter/linkResolver.cpp, line 1178]

Events (10 events):
Event: 338.650 Executing VM operation: RevokeBias done
Event: 338.650 Executing VM operation: RevokeBias
Event: 338.650 Executing VM operation: RevokeBias done
Event: 338.650 Executing VM operation: RevokeBias
Event: 338.650 Executing VM operation: RevokeBias done
Event: 338.650 Executing VM operation: RevokeBias
Event: 338.651 Executing VM operation: RevokeBias done
Event: 338.651 Executing VM operation: RevokeBias
Event: 338.651 Executing VM operation: RevokeBias done
Event: 338.651 Thread 0x00007fc1ec800800 flushing nmethod 0x000000010a6b9710


Dynamic libraries:
0x000000000be6e000 	/System/Library/Frameworks/Cocoa.framework/Versions/A/Cocoa
0x000000000be6e000 	/System/Library/Frameworks/Security.framework/Versions/A/Security
0x000000000be6e000 	/System/Library/Frameworks/ApplicationServices.framework/Versions/A/ApplicationServices
0x000000000be6e000 	/usr/lib/libz.1.dylib
0x000000000be6e000 	/usr/lib/libSystem.B.dylib
0x000000000be6e000 	/usr/lib/libobjc.A.dylib
0x000000000be6e000 	/System/Library/Frameworks/CoreFoundation.framework/Versions/A/CoreFoundation
0x000000000be6e000 	/System/Library/Frameworks/Foundation.framework/Versions/C/Foundation
0x000000000be6e000 	/System/Library/Frameworks/AppKit.framework/Versions/C/AppKit
0x000000000be6e000 	/System/Library/Frameworks/CoreData.framework/Versions/A/CoreData
0x000000000be6e000 	/System/Library/PrivateFrameworks/RemoteViewServices.framework/Versions/A/RemoteViewServices
0x000000000be6e000 	/System/Library/PrivateFrameworks/UIFoundation.framework/Versions/A/UIFoundation
0x000000000be6e000 	/System/Library/Frameworks/IOSurface.framework/Versions/A/IOSurface
0x000000000be6e000 	/System/Library/Frameworks/AudioToolbox.framework/Versions/A/AudioToolbox
0x000000000be6e000 	/System/Library/Frameworks/AudioUnit.framework/Versions/A/AudioUnit
0x000000000be6e000 	/System/Library/PrivateFrameworks/DataDetectorsCore.framework/Versions/A/DataDetectorsCore
0x000000000be6e000 	/System/Library/PrivateFrameworks/DesktopServicesPriv.framework/Versions/A/DesktopServicesPriv
0x000000000be6e000 	/System/Library/Frameworks/Carbon.framework/Versions/A/Frameworks/HIToolbox.framework/Versions/A/HIToolbox
0x000000000be6e000 	/System/Library/Frameworks/QuartzCore.framework/Versions/A/QuartzCore
0x000000000be6e000 	/System/Library/Frameworks/Carbon.framework/Versions/A/Frameworks/SpeechRecognition.framework/Versions/A/SpeechRecognition
0x000000000be6e000 	/usr/lib/libauto.dylib
0x000000000be6e000 	/usr/lib/libicucore.A.dylib
0x000000000be6e000 	/usr/lib/libxml2.2.dylib
0x000000000be6e000 	/System/Library/PrivateFrameworks/CoreUI.framework/Versions/A/CoreUI
0x000000000be6e000 	/System/Library/Frameworks/CoreAudio.framework/Versions/A/CoreAudio
0x000000000be6e000 	/System/Library/Frameworks/DiskArbitration.framework/Versions/A/DiskArbitration
0x000000000be6e000 	/usr/lib/liblangid.dylib
0x000000000be6e000 	/System/Library/PrivateFrameworks/MultitouchSupport.framework/Versions/A/MultitouchSupport
0x000000000be6e000 	/System/Library/Frameworks/IOKit.framework/Versions/A/IOKit
0x000000000be6e000 	/usr/lib/libDiagnosticMessagesClient.dylib
0x000000000be6e000 	/System/Library/Frameworks/CoreServices.framework/Versions/A/CoreServices
0x000000000be6e000 	/System/Library/PrivateFrameworks/PerformanceAnalysis.framework/Versions/A/PerformanceAnalysis
0x000000000be6e000 	/System/Library/PrivateFrameworks/GenerationalStorage.framework/Versions/A/GenerationalStorage
0x000000000be6e000 	/System/Library/Frameworks/OpenGL.framework/Versions/A/OpenGL
0x000000000be6e000 	/System/Library/PrivateFrameworks/Sharing.framework/Versions/A/Sharing
0x000000000be6e000 	/System/Library/Frameworks/CoreGraphics.framework/Versions/A/CoreGraphics
0x000000000be6e000 	/System/Library/Frameworks/CoreText.framework/Versions/A/CoreText
0x000000000be6e000 	/System/Library/Frameworks/ImageIO.framework/Versions/A/ImageIO
0x000000000be6e000 	/usr/lib/libextension.dylib
0x000000000be6e000 	/System/Library/PrivateFrameworks/Backup.framework/Versions/A/Backup
0x000000000be6e000 	/usr/lib/libarchive.2.dylib
0x000000000be6e000 	/System/Library/Frameworks/CFNetwork.framework/Versions/A/CFNetwork
0x000000000be6e000 	/System/Library/Frameworks/SystemConfiguration.framework/Versions/A/SystemConfiguration
0x000000000be6e000 	/usr/lib/libCRFSuite.dylib
0x000000000be6e000 	/usr/lib/libc++.1.dylib
0x000000000be6e000 	/usr/lib/libc++abi.dylib
0x000000000be6e000 	/usr/lib/system/libcache.dylib
0x000000000be6e000 	/usr/lib/system/libcommonCrypto.dylib
0x000000000be6e000 	/usr/lib/system/libcompiler_rt.dylib
0x000000000be6e000 	/usr/lib/system/libcopyfile.dylib
0x000000000be6e000 	/usr/lib/system/libcorecrypto.dylib
0x000000000be6e000 	/usr/lib/system/libdispatch.dylib
0x000000000be6e000 	/usr/lib/system/libdyld.dylib
0x000000000be6e000 	/usr/lib/system/libkeymgr.dylib
0x000000000be6e000 	/usr/lib/system/liblaunch.dylib
0x000000000be6e000 	/usr/lib/system/libmacho.dylib
0x000000000be6e000 	/usr/lib/system/libquarantine.dylib
0x000000000be6e000 	/usr/lib/system/libremovefile.dylib
0x000000000be6e000 	/usr/lib/system/libsystem_asl.dylib
0x000000000be6e000 	/usr/lib/system/libsystem_blocks.dylib
0x000000000be6e000 	/usr/lib/system/libsystem_c.dylib
0x000000000be6e000 	/usr/lib/system/libsystem_configuration.dylib
0x000000000be6e000 	/usr/lib/system/libsystem_coreservices.dylib
0x000000000be6e000 	/usr/lib/system/libsystem_coretls.dylib
0x000000000be6e000 	/usr/lib/system/libsystem_dnssd.dylib
0x000000000be6e000 	/usr/lib/system/libsystem_info.dylib
0x000000000be6e000 	/usr/lib/system/libsystem_kernel.dylib
0x000000000be6e000 	/usr/lib/system/libsystem_m.dylib
0x000000000be6e000 	/usr/lib/system/libsystem_malloc.dylib
0x000000000be6e000 	/usr/lib/system/libsystem_network.dylib
0x000000000be6e000 	/usr/lib/system/libsystem_networkextension.dylib
0x000000000be6e000 	/usr/lib/system/libsystem_notify.dylib
0x000000000be6e000 	/usr/lib/system/libsystem_platform.dylib
0x000000000be6e000 	/usr/lib/system/libsystem_pthread.dylib
0x000000000be6e000 	/usr/lib/system/libsystem_sandbox.dylib
0x000000000be6e000 	/usr/lib/system/libsystem_secinit.dylib
0x000000000be6e000 	/usr/lib/system/libsystem_stats.dylib
0x000000000be6e000 	/usr/lib/system/libsystem_trace.dylib
0x000000000be6e000 	/usr/lib/system/libunc.dylib
0x000000000be6e000 	/usr/lib/system/libunwind.dylib
0x000000000be6e000 	/usr/lib/system/libxpc.dylib
0x000000000be6e000 	/usr/lib/libbz2.1.0.dylib
0x000000000be6e000 	/usr/lib/liblzma.5.dylib
0x000000000be6e000 	/usr/lib/libbsm.0.dylib
0x000000000be6e000 	/usr/lib/libsqlite3.dylib
0x000000000be6e000 	/usr/lib/system/libkxld.dylib
0x000000000be6e000 	/usr/lib/libxar.1.dylib
0x000000000be6e000 	/usr/lib/libpam.2.dylib
0x000000000be6e000 	/usr/lib/libOpenScriptingUtil.dylib
0x000000000be6e000 	/System/Library/Frameworks/CoreServices.framework/Versions/A/Frameworks/FSEvents.framework/Versions/A/FSEvents
0x000000000be6e000 	/System/Library/Frameworks/CoreServices.framework/Versions/A/Frameworks/CarbonCore.framework/Versions/A/CarbonCore
0x000000000be6e000 	/System/Library/Frameworks/CoreServices.framework/Versions/A/Frameworks/Metadata.framework/Versions/A/Metadata
0x000000000be6e000 	/System/Library/Frameworks/CoreServices.framework/Versions/A/Frameworks/OSServices.framework/Versions/A/OSServices
0x000000000be6e000 	/System/Library/Frameworks/CoreServices.framework/Versions/A/Frameworks/SearchKit.framework/Versions/A/SearchKit
0x000000000be6e000 	/System/Library/Frameworks/CoreServices.framework/Versions/A/Frameworks/AE.framework/Versions/A/AE
0x000000000be6e000 	/System/Library/Frameworks/CoreServices.framework/Versions/A/Frameworks/LaunchServices.framework/Versions/A/LaunchServices
0x000000000be6e000 	/System/Library/Frameworks/CoreServices.framework/Versions/A/Frameworks/DictionaryServices.framework/Versions/A/DictionaryServices
0x000000000be6e000 	/System/Library/Frameworks/NetFS.framework/Versions/A/NetFS
0x000000000be6e000 	/System/Library/PrivateFrameworks/NetAuth.framework/Versions/A/NetAuth
0x000000000be6e000 	/System/Library/PrivateFrameworks/login.framework/Versions/A/Frameworks/loginsupport.framework/Versions/A/loginsupport
0x000000000be6e000 	/System/Library/PrivateFrameworks/TCC.framework/Versions/A/TCC
0x000000000be6e000 	/usr/lib/libmecabra.dylib
0x000000000be6e000 	/System/Library/Frameworks/ApplicationServices.framework/Versions/A/Frameworks/ATS.framework/Versions/A/ATS
0x000000000be6e000 	/System/Library/Frameworks/ApplicationServices.framework/Versions/A/Frameworks/ColorSync.framework/Versions/A/ColorSync
0x000000000be6e000 	/System/Library/Frameworks/ApplicationServices.framework/Versions/A/Frameworks/HIServices.framework/Versions/A/HIServices
0x000000000be6e000 	/System/Library/Frameworks/ApplicationServices.framework/Versions/A/Frameworks/LangAnalysis.framework/Versions/A/LangAnalysis
0x000000000be6e000 	/System/Library/Frameworks/ApplicationServices.framework/Versions/A/Frameworks/PrintCore.framework/Versions/A/PrintCore
0x000000000be6e000 	/System/Library/Frameworks/ApplicationServices.framework/Versions/A/Frameworks/QD.framework/Versions/A/QD
0x000000000be6e000 	/System/Library/Frameworks/ApplicationServices.framework/Versions/A/Frameworks/SpeechSynthesis.framework/Versions/A/SpeechSynthesis
0x000000000be6e000 	/System/Library/Frameworks/Accelerate.framework/Versions/A/Accelerate
0x000000000be6e000 	/System/Library/Frameworks/Accelerate.framework/Versions/A/Frameworks/vImage.framework/Versions/A/vImage
0x000000000be6e000 	/System/Library/Frameworks/Accelerate.framework/Versions/A/Frameworks/vecLib.framework/Versions/A/vecLib
0x000000000be6e000 	/System/Library/Frameworks/Accelerate.framework/Versions/A/Frameworks/vecLib.framework/Versions/A/libvDSP.dylib
0x000000000be6e000 	/System/Library/Frameworks/Accelerate.framework/Versions/A/Frameworks/vecLib.framework/Versions/A/libvMisc.dylib
0x000000000be6e000 	/System/Library/Frameworks/Accelerate.framework/Versions/A/Frameworks/vecLib.framework/Versions/A/libLAPACK.dylib
0x000000000be6e000 	/System/Library/Frameworks/Accelerate.framework/Versions/A/Frameworks/vecLib.framework/Versions/A/libBLAS.dylib
0x000000000be6e000 	/System/Library/Frameworks/Accelerate.framework/Versions/A/Frameworks/vecLib.framework/Versions/A/libLinearAlgebra.dylib
0x000000000be6e000 	/System/Library/Frameworks/ApplicationServices.framework/Versions/A/Frameworks/ATS.framework/Versions/A/Resources/libFontParser.dylib
0x000000000be6e000 	/System/Library/Frameworks/ApplicationServices.framework/Versions/A/Frameworks/ATS.framework/Versions/A/Resources/libFontRegistry.dylib
0x000000000be6e000 	/System/Library/PrivateFrameworks/AppleVPA.framework/Versions/A/AppleVPA
0x000000000be6e000 	/System/Library/PrivateFrameworks/AppleJPEG.framework/Versions/A/AppleJPEG
0x000000000be6e000 	/System/Library/Frameworks/ImageIO.framework/Versions/A/Resources/libJPEG.dylib
0x000000000be6e000 	/System/Library/Frameworks/ImageIO.framework/Versions/A/Resources/libTIFF.dylib
0x000000000be6e000 	/System/Library/Frameworks/ImageIO.framework/Versions/A/Resources/libPng.dylib
0x000000000be6e000 	/System/Library/Frameworks/ImageIO.framework/Versions/A/Resources/libGIF.dylib
0x000000000be6e000 	/System/Library/Frameworks/ImageIO.framework/Versions/A/Resources/libJP2.dylib
0x000000000be6e000 	/System/Library/Frameworks/ImageIO.framework/Versions/A/Resources/libRadiance.dylib
0x000000000be6e000 	/System/Library/Frameworks/CoreVideo.framework/Versions/A/CoreVideo
0x000000000be6e000 	/System/Library/Frameworks/OpenGL.framework/Versions/A/Libraries/libGLU.dylib
0x000000000be6e000 	/System/Library/Frameworks/OpenGL.framework/Versions/A/Libraries/libGFXShared.dylib
0x000000000be6e000 	/System/Library/Frameworks/OpenGL.framework/Versions/A/Libraries/libGL.dylib
0x000000000be6e000 	/System/Library/Frameworks/OpenGL.framework/Versions/A/Libraries/libGLImage.dylib
0x000000000be6e000 	/System/Library/Frameworks/OpenGL.framework/Versions/A/Libraries/libCVMSPluginSupport.dylib
0x000000000be6e000 	/System/Library/Frameworks/OpenGL.framework/Versions/A/Libraries/libCoreVMClient.dylib
0x000000000be6e000 	/usr/lib/libcups.2.dylib
0x000000000be6e000 	/System/Library/Frameworks/Kerberos.framework/Versions/A/Kerberos
0x000000000be6e000 	/System/Library/Frameworks/GSS.framework/Versions/A/GSS
0x000000000be6e000 	/usr/lib/libresolv.9.dylib
0x000000000be6e000 	/usr/lib/libiconv.2.dylib
0x000000000be6e000 	/System/Library/PrivateFrameworks/Heimdal.framework/Versions/A/Heimdal
0x000000000be6e000 	/usr/lib/libheimdal-asn1.dylib
0x000000000be6e000 	/System/Library/Frameworks/OpenDirectory.framework/Versions/A/OpenDirectory
0x000000000be6e000 	/System/Library/PrivateFrameworks/CommonAuth.framework/Versions/A/CommonAuth
0x000000000be6e000 	/System/Library/Frameworks/OpenDirectory.framework/Versions/A/Frameworks/CFOpenDirectory.framework/Versions/A/CFOpenDirectory
0x000000000be6e000 	/System/Library/Frameworks/SecurityFoundation.framework/Versions/A/SecurityFoundation
0x000000000be6e000 	/System/Library/PrivateFrameworks/LanguageModeling.framework/Versions/A/LanguageModeling
0x000000000be6e000 	/usr/lib/libcmph.dylib
0x000000000be6e000 	/System/Library/Frameworks/ServiceManagement.framework/Versions/A/ServiceManagement
0x000000000be6e000 	/usr/lib/libxslt.1.dylib
0x000000000be6e000 	/System/Library/Frameworks/Carbon.framework/Versions/A/Frameworks/Ink.framework/Versions/A/Ink
0x000000000be6e000 	/System/Library/Frameworks/QuartzCore.framework/Versions/A/Frameworks/CoreImage.framework/Versions/A/CoreImage
0x000000000be6e000 	/System/Library/PrivateFrameworks/CrashReporterSupport.framework/Versions/A/CrashReporterSupport
0x000000000be6e000 	/System/Library/Frameworks/OpenCL.framework/Versions/A/OpenCL
0x000000000be6e000 	/System/Library/PrivateFrameworks/FaceCore.framework/Versions/A/FaceCore
0x000000000be6e000 	/System/Library/PrivateFrameworks/Ubiquity.framework/Versions/A/Ubiquity
0x000000000be6e000 	/System/Library/PrivateFrameworks/IconServices.framework/Versions/A/IconServices
0x000000000be6e000 	/System/Library/PrivateFrameworks/ChunkingLibrary.framework/Versions/A/ChunkingLibrary
0x000000000be6e000 	/System/Library/PrivateFrameworks/Apple80211.framework/Versions/A/Apple80211
0x000000000be6e000 	/System/Library/Frameworks/CoreWLAN.framework/Versions/A/CoreWLAN
0x000000000be6e000 	/System/Library/Frameworks/IOBluetooth.framework/Versions/A/IOBluetooth
0x000000000be6e000 	/System/Library/PrivateFrameworks/CoreWiFi.framework/Versions/A/CoreWiFi
0x000000000be6e000 	/System/Library/Frameworks/CoreBluetooth.framework/Versions/A/CoreBluetooth
0x000000000be6e000 	/System/Library/PrivateFrameworks/DebugSymbols.framework/Versions/A/DebugSymbols
0x000000000be6e000 	/System/Library/PrivateFrameworks/CoreSymbolication.framework/Versions/A/CoreSymbolication
0x000000000be6e000 	/System/Library/PrivateFrameworks/Symbolication.framework/Versions/A/Symbolication
0x000000000be6e000 	/System/Library/PrivateFrameworks/SpeechRecognitionCore.framework/Versions/A/SpeechRecognitionCore
0x0000000109600000 	/Library/Java/JavaVirtualMachines/jdk1.8.0_45.jdk/Contents/Home/jre/lib/server/libjvm.dylib
0x000000000be6e000 	/usr/lib/libstdc++.6.dylib
0x0000000108d8a000 	/Library/Java/JavaVirtualMachines/jdk1.8.0_45.jdk/Contents/Home/jre/lib/libverify.dylib
0x0000000108d98000 	/Library/Java/JavaVirtualMachines/jdk1.8.0_45.jdk/Contents/Home/jre/lib/libjava.dylib
0x0000000108dd7000 	/Library/Java/JavaVirtualMachines/jdk1.8.0_45.jdk/Contents/Home/jre/lib/libzip.dylib
0x0000000108de1000 	/System/Library/Frameworks/JavaVM.framework/Frameworks/JavaRuntimeSupport.framework/JavaRuntimeSupport
0x00000001205e0000 	/System/Library/Frameworks/JavaVM.framework/Versions/A/Frameworks/JavaNativeFoundation.framework/Versions/A/JavaNativeFoundation
0x00000001205f4000 	/System/Library/Frameworks/JavaVM.framework/Versions/A/JavaVM
0x000000000be6e000 	/System/Library/Frameworks/Carbon.framework/Versions/A/Carbon
0x0000000120600000 	/System/Library/PrivateFrameworks/JavaLaunching.framework/Versions/A/JavaLaunching
0x000000000be6e000 	/System/Library/Frameworks/Carbon.framework/Versions/A/Frameworks/CommonPanels.framework/Versions/A/CommonPanels
0x000000000be6e000 	/System/Library/Frameworks/Carbon.framework/Versions/A/Frameworks/Help.framework/Versions/A/Help
0x000000000be6e000 	/System/Library/Frameworks/Carbon.framework/Versions/A/Frameworks/ImageCapture.framework/Versions/A/ImageCapture
0x000000000be6e000 	/System/Library/Frameworks/Carbon.framework/Versions/A/Frameworks/OpenScripting.framework/Versions/A/OpenScripting
0x000000000be6e000 	/System/Library/Frameworks/Carbon.framework/Versions/A/Frameworks/Print.framework/Versions/A/Print
0x000000000be6e000 	/System/Library/Frameworks/Carbon.framework/Versions/A/Frameworks/SecurityHI.framework/Versions/A/SecurityHI
0x000000012252d000 	/Library/Java/JavaVirtualMachines/jdk1.8.0_45.jdk/Contents/Home/jre/lib/libawt.dylib
0x00000001225d5000 	/Library/Java/JavaVirtualMachines/jdk1.8.0_45.jdk/Contents/Home/jre/lib/./libmlib_image.dylib
0x00000001226a1000 	/Library/Java/JavaVirtualMachines/jdk1.8.0_45.jdk/Contents/Home/jre/lib/libawt_lwawt.dylib
0x0000000122755000 	/Library/Java/JavaVirtualMachines/jdk1.8.0_45.jdk/Contents/Home/jre/lib/./libosxapp.dylib
0x000000000be6e000 	/System/Library/Frameworks/ExceptionHandling.framework/Versions/A/ExceptionHandling
0x000000000be6e000 	/System/Library/PrivateFrameworks/CoreServicesInternal.framework/Versions/A/CoreServicesInternal
0x000000000be6e000 	/System/Library/PrivateFrameworks/CloudDocs.framework/Versions/A/CloudDocs
0x000000000be6e000 	/System/Library/PrivateFrameworks/CoreDuet.framework/Versions/A/CoreDuet
0x000000000be6e000 	/System/Library/Frameworks/CloudKit.framework/Versions/A/CloudKit
0x000000000be6e000 	/System/Library/PrivateFrameworks/ProtocolBuffer.framework/Versions/A/ProtocolBuffer
0x000000000be6e000 	/System/Library/PrivateFrameworks/CoreDuetDaemonProtocol.framework/Versions/A/CoreDuetDaemonProtocol
0x000000000be6e000 	/System/Library/PrivateFrameworks/CoreDuetDebugLogging.framework/Versions/A/CoreDuetDebugLogging
0x000000000be6e000 	/System/Library/PrivateFrameworks/MMCS.framework/Versions/A/MMCS
0x000000000be6e000 	/System/Library/Frameworks/CoreLocation.framework/Versions/A/CoreLocation
0x000000000be6e000 	/System/Library/PrivateFrameworks/ProtectedCloudStorage.framework/Versions/A/ProtectedCloudStorage
0x000000000be6e000 	/System/Library/PrivateFrameworks/GeoServices.framework/Versions/A/GeoServices
0x000000000be6e000 	/System/Library/Frameworks/CoreGraphics.framework/Versions/A/Resources/libCGCMS.A.dylib
0x000000000be6e000 	/System/Library/Frameworks/CoreGraphics.framework/Versions/A/Resources/libRIP.A.dylib
0x000000000be6e000 	/System/Library/Frameworks/CoreGraphics.framework/Versions/A/Resources/libCGXType.A.dylib
0x000000000be6e000 	/System/Library/Frameworks/OpenCL.framework/Versions/A/Libraries/libcldcpuengine.dylib
0x000000000be6e000 	/System/Library/PrivateFrameworks/DiskImages.framework/Versions/A/DiskImages
0x000000000be6e000 	/System/Library/Frameworks/DiscRecording.framework/Versions/A/DiscRecording
0x000000000be6e000 	/usr/lib/libcsfde.dylib
0x000000000be6e000 	/usr/lib/libcurl.4.dylib
0x000000000be6e000 	/System/Library/PrivateFrameworks/MediaKit.framework/Versions/A/MediaKit
0x000000000be6e000 	/usr/lib/libCoreStorage.dylib
0x000000000be6e000 	/System/Library/PrivateFrameworks/EFILogin.framework/Versions/A/EFILogin
0x000000000be6e000 	/usr/lib/libutil.dylib
0x000000000be6e000 	/System/Library/PrivateFrameworks/FindMyDevice.framework/Versions/A/FindMyDevice
0x000000000be6e000 	/System/Library/Frameworks/LDAP.framework/Versions/A/LDAP
0x000000000be6e000 	/usr/lib/libsasl2.2.dylib
0x000000000be6e000 	/System/Library/PrivateFrameworks/CoreDaemon.framework/Versions/B/CoreDaemon
0x000000000be6e000 	/usr/lib/libcrypto.0.9.8.dylib
0x000000000be6e000 	/System/Library/PrivateFrameworks/AppleSRP.framework/Versions/A/AppleSRP
0x000000000be6e000 	/System/Library/PrivateFrameworks/TrustEvaluationAgent.framework/Versions/A/TrustEvaluationAgent
0x0000000122b6a000 	cl_kernels
0x0000000125665000 	/System/Library/Frameworks/OpenCL.framework/Versions/A/Libraries/ImageFormats/unorm8_bgra.dylib
0x0000000122b5b000 	cl_kernels
0x000000000be6e000 	/System/Library/PrivateFrameworks/FamilyControls.framework/Versions/A/FamilyControls
0x000000000be6e000 	/System/Library/PrivateFrameworks/CommerceKit.framework/Versions/A/Frameworks/CommerceCore.framework/Versions/A/CommerceCore
0x000000000be6e000 	/System/Library/PrivateFrameworks/SystemAdministration.framework/Versions/A/SystemAdministration
0x000000000be6e000 	/System/Library/PrivateFrameworks/AppContainer.framework/Versions/A/AppContainer
0x000000000be6e000 	/System/Library/PrivateFrameworks/SecCodeWrapper.framework/Versions/A/SecCodeWrapper
0x000000000be6e000 	/System/Library/Frameworks/DirectoryService.framework/Versions/A/DirectoryService
0x000000000be6e000 	/System/Library/PrivateFrameworks/LoginUIKit.framework/Versions/A/Frameworks/LoginUICore.framework/Versions/A/LoginUICore
0x000000000be6e000 	/usr/lib/libodfde.dylib
0x0000000126860000 	/Library/Java/JavaVirtualMachines/jdk1.8.0_45.jdk/Contents/Home/jre/lib/libfontmanager.dylib
0x00000001269f0000 	/Library/Java/JavaVirtualMachines/jdk1.8.0_45.jdk/Contents/Home/jre/lib/libosxui.dylib
0x000000000be6e000 	/System/Library/Frameworks/OpenGL.framework/Versions/A/Resources/GLEngine.bundle/GLEngine
0x000000000be6e000 	/System/Library/Frameworks/OpenGL.framework/Versions/A/Libraries/libGLProgrammability.dylib
0x0000000126bff000 	/System/Library/Extensions/AppleIntelHD5000GraphicsGLDriver.bundle/Contents/MacOS/AppleIntelHD5000GraphicsGLDriver
0x000000000be6e000 	/System/Library/PrivateFrameworks/IOAccelerator.framework/Versions/A/IOAccelerator
0x000000000be6e000 	/System/Library/PrivateFrameworks/GPUSupport.framework/Versions/A/Libraries/libGPUSupportMercury.dylib
0x000000000be6e000 	/System/Library/Frameworks/OpenGL.framework/Versions/A/Resources/GLRendererFloat.bundle/GLRendererFloat
0x00000001282e4000 	/Library/Java/JavaVirtualMachines/jdk1.8.0_45.jdk/Contents/Home/jre/lib/libnet.dylib
0x000000012821f000 	/Library/Java/JavaVirtualMachines/jdk1.8.0_45.jdk/Contents/Home/jre/lib/libnio.dylib
0x000000000be6e000 	/System/Library/CoreServices/RawCamera.bundle/Contents/MacOS/RawCamera
0x000000000be6e000 	/System/Library/Frameworks/ApplicationServices.framework/Versions/A/Frameworks/ATS.framework/Versions/A/Resources/libTrueTypeScaler.dylib
0x0000000120632000 	/Library/Java/JavaVirtualMachines/jdk1.8.0_45.jdk/Contents/Home/jre/lib/libdcpr.dylib

VM Arguments:
jvm_args: -Dfile.encoding=UTF-8 
java_command: dfEditor.dfEditorApp
java_class_path (initial): /Users/maaretp/GithubRepositories/darkFunction-Editor/bin:/Users/maaretp/GithubRepositories/darkFunction-Editor/izpack/standalone-compiler.jar:/Users/maaretp/GithubRepositories/darkFunction-Editor/lib/AbsoluteLayout.jar:/Users/maaretp/GithubRepositories/darkFunction-Editor/lib/absolutelayout/AbsoluteLayout.jar:/Users/maaretp/GithubRepositories/darkFunction-Editor/lib/CopyLibs/org-netbeans-modules-java-j2seproject-copylibstask.jar:/Users/maaretp/GithubRepositories/darkFunction-Editor/lib/isorelax.jar:/Users/maaretp/GithubRepositories/darkFunction-Editor/lib/junit_4/junit-4.5-src.jar:/Users/maaretp/GithubRepositories/darkFunction-Editor/lib/junit_4/junit-4.5.jar:/Users/maaretp/GithubRepositories/darkFunction-Editor/lib/junit/junit-3.8.2.jar:/Users/maaretp/GithubRepositories/darkFunction-Editor/lib/org-openide-awt.jar:/Users/maaretp/GithubRepositories/darkFunction-Editor/lib/org-openide-util.jar:/Users/maaretp/GithubRepositories/darkFunction-Editor/lib/swing-app-framework/appframework-1.0.3.jar:/Users/maaretp/GithubRepositories/darkFunction-Editor/lib/swing-app-framework/swing-worker-1.1.jar:/Users/maaretp/GithubRepositories/darkFunction-Editor/lib/swing-layout/swing-layout-1.0.4.jar:/Users/maaretp/GithubRepositories/darkFunction-Editor/lib/tinylaf/tinycp.jar:/Users/maaretp/GithubRepositories/darkFunction-Editor/lib/tinylaf/tinylaf.jar:/Users/maaretp/GithubRepositories/darkFunction-Editor/lib/xmlenc-0.52.jar:/Users/maaretp/GithubRepositories/darkFunction-Editor/yguard/yguard.jar:/Users/maaretp/GithubRepositories/darkFunction-Editor/lib/ApprovalTests.jar
Launcher Type: SUN_STANDARD

Environment Variables:
PATH=/usr/bin:/bin:/usr/sbin:/sbin
SHELL=/bin/zsh

Signal Handlers:
SIGSEGV: [libjvm.dylib+0x58ef95], sa_mask[0]=11111111011111110111111111111111, sa_flags=SA_ONSTACK|SA_RESTART|SA_SIGINFO
SIGBUS: [libjvm.dylib+0x58ef95], sa_mask[0]=11111111011111110111111111111111, sa_flags=SA_RESTART|SA_SIGINFO
SIGFPE: [libjvm.dylib+0x46c108], sa_mask[0]=11111111011111110111111111111111, sa_flags=SA_RESTART|SA_SIGINFO
SIGPIPE: [libjvm.dylib+0x46c108], sa_mask[0]=11111111011111110111111111111111, sa_flags=SA_RESTART|SA_SIGINFO
SIGXFSZ: [libjvm.dylib+0x46c108], sa_mask[0]=11111111011111110111111111111111, sa_flags=SA_RESTART|SA_SIGINFO
SIGILL: [libjvm.dylib+0x46c108], sa_mask[0]=11111111011111110111111111111111, sa_flags=SA_RESTART|SA_SIGINFO
SIGUSR1: SIG_DFL, sa_mask[0]=00000000000000000000000000000000, sa_flags=none
SIGUSR2: [libjvm.dylib+0x46bc26], sa_mask[0]=00100000000000000000000000000000, sa_flags=SA_RESTART|SA_SIGINFO
SIGHUP: [libjvm.dylib+0x46a1f9], sa_mask[0]=11111111011111110111111111111111, sa_flags=SA_RESTART|SA_SIGINFO
SIGINT: [libjvm.dylib+0x46a1f9], sa_mask[0]=11111111011111110111111111111111, sa_flags=SA_RESTART|SA_SIGINFO
SIGTERM: [libjvm.dylib+0x46a1f9], sa_mask[0]=11111111011111110111111111111111, sa_flags=SA_RESTART|SA_SIGINFO
SIGQUIT: [libjvm.dylib+0x46a1f9], sa_mask[0]=11111111011111110111111111111111, sa_flags=SA_RESTART|SA_SIGINFO


---------------  S Y S T E M  ---------------

OS:Bsduname:Darwin 14.5.0 Darwin Kernel Version 14.5.0: Wed Jul 29 02:26:53 PDT 2015; root:xnu-2782.40.9~1/RELEASE_X86_64 x86_64
rlimit: STACK 8192k, CORE 0k, NPROC 709, NOFILE 10240, AS infinity
load average:1.17 1.77 1.62

CPU:total 4 (2 cores per cpu, 2 threads per core) family 6 model 69 stepping 1, cmov, cx8, fxsr, mmx, sse, sse2, sse3, ssse3, sse4.1, sse4.2, popcnt, avx, avx2, aes, clmul, erms, lzcnt, ht, tsc, tscinvbit, bmi1, bmi2

Memory: 4k page, physical 8388608k(365492k free)

/proc/meminfo:


vm_info: Java HotSpot(TM) 64-Bit Server VM (25.45-b02) for bsd-amd64 JRE (1.8.0_45-b14), built on Apr 10 2015 10:46:38 by "java_re" with gcc 4.2.1 (Based on Apple Inc. build 5658) (LLVM build 2336.11.00)

time: Thu Oct 22 12:11:10 2015
elapsed time: 338 seconds (0d 0h 5m 38s)

