#
# A fatal error has been detected by the Java Runtime Environment:
#
#  SIGSEGV (0xb) at pc=0x000000011c484e47, pid=22354, tid=50695
#
# JRE version: Java(TM) SE Runtime Environment (8.0_45-b14) (build 1.8.0_45-b14)
# Java VM: Java HotSpot(TM) 64-Bit Server VM (25.45-b02 mixed mode bsd-amd64 compressed oops)
# Problematic frame:
# C  [libawt_lwawt.dylib+0x1ae47]  OGLSD_SetScratchSurface+0x49
#
# Failed to write core dump. Core dumps have been disabled. To enable core dumping, try "ulimit -c unlimited" before starting Java again
#
# If you would like to submit a bug report, please visit:
#   http://bugreport.java.com/bugreport/crash.jsp
# The crash happened outside the Java Virtual Machine in native code.
# See problematic frame for where to report the bug.
#

---------------  T H R E A D  ---------------

Current thread (0x00007fca729a8000):  JavaThread "Java2D Queue Flusher" daemon [_thread_in_native, id=50695, stack(0x000000012084a000,0x000000012094a000)]

siginfo: si_signo: 11 (SIGSEGV), si_code: 1 (SEGV_MAPERR), si_addr: 0x0000000000000002

Registers:
RAX=0x000000011c4a5262, RBX=0x0000000000000002, RCX=0x0000000000000047, RDX=0x000000011c4a57ac
RSP=0x0000000120949710, RBP=0x0000000120949730, RSI=0x00007fca71f26d60, RDI=0x00007fca729a81f8
R8 =0x00000000000002a7, R9 =0x0000000000000060, R10=0x00000001047081f8, R11=0x0000000000000202
R12=0x0000000000000000, R13=0x0000000104a75604, R14=0x00007fca729a81f8, R15=0x00007fca729a8000
RIP=0x000000011c484e47, EFLAGS=0x0000000000010202, ERR=0x0000000000000004
  TRAPNO=0x000000000000000e

Top of Stack: (sp=0x0000000120949710)
0x0000000120949710:   00007fca71f26d60 0000000000000000
0x0000000120949720:   00007fca72a30010 00007fca729a8000
0x0000000120949730:   00000001209497b0 000000011c4a528a
0x0000000120949740:   00000001209497f0 00000001044c0379
0x0000000120949750:   0000000120949778 00000007402fa0a8
0x0000000120949760:   0000000120949780 0000000000000064
0x0000000120949770:   00007fca72a39408 00007fca72a30020
0x0000000120949780:   00007fca009a8000 00007fca729a81f8
0x0000000120949790:   0000000126f1e298 0000000000000000
0x00000001209497a0:   0000000120949878 00007fca729a8000
0x00000001209497b0:   0000000120949800 000000010470826a
0x00000001209497c0:   0000000740306808 0000000103739b83
0x00000001209497d0:   0000000000000005 00007fca729a8000
0x00000001209497e0:   0000000740300501 00007fca71d823f0
0x00000001209497f0:   0000000120949800 00007fca729a8000
0x0000000120949800:   00000001209499d0 00000001044d523c
0x0000000120949810:   0000000120949878 00007fca729a8000
0x0000000120949820:   0000000120949870 00000001047fd068
0x0000000120949830:   00000007403005a0 0000000120949878
0x0000000120949840:   0000000118795048 0000000000000000
0x0000000120949850:   0000000126394fa0 0000000000000000
0x0000000120949860:   0000000740306808 00000001209499d0
0x0000000120949870:   00000001209499d0 0000000104a754fc
0x0000000120949880:   0000000000000041 0000000118c280e8
0x0000000120949890:   000000010436e5d0 0000000100000000
0x00000001209498a0:   0000000120949940 00000001209498f0
0x00000001209498b0:   00000000000000db 0000000000000000
0x00000001209498c0:   0000000120949968 00007fca729a8000
0x00000001209498d0:   0000000120949940 0000000104387acc
0x00000001209498e0:   0000000100000001 00000007976181b8
0x00000001209498f0:   00000007403005a0 0000000700000000
0x0000000120949900:   00000001209498f0 0000000104a74790 

Instructions: (pc=0x000000011c484e47)
0x000000011c484e27:   c0 e9 82 00 00 00 48 8b 5e 10 48 85 db 75 0e bf
0x000000011c484e37:   01 00 00 00 48 8d 15 a4 76 03 00 eb d6 49 89 fe
0x000000011c484e47:   4c 8b 3b 30 c0 e8 5f a3 02 00 49 8b 3f 49 89 c4
0x000000011c484e57:   48 8b 35 ca f6 05 00 30 c0 e8 a1 a4 02 00 48 85 

Register to memory mapping:

RAX=0x000000011c4a5262: Java_sun_java2d_opengl_OGLRenderQueue_flushBuffer+0x612 in /Library/Java/JavaVirtualMachines/jdk1.8.0_45.jdk/Contents/Home/jre/lib/libawt_lwawt.dylib at 0x000000011c46a000
RBX=0x0000000000000002 is an unknown value
RCX=0x0000000000000047 is an unknown value
RDX=0x000000011c4a57ac: Java_sun_java2d_opengl_OGLRenderQueue_flushBuffer+0xb5c in /Library/Java/JavaVirtualMachines/jdk1.8.0_45.jdk/Contents/Home/jre/lib/libawt_lwawt.dylib at 0x000000011c46a000
RSP=0x0000000120949710 is pointing into the stack for thread: 0x00007fca729a8000
RBP=0x0000000120949730 is pointing into the stack for thread: 0x00007fca729a8000
RSI=0x00007fca71f26d60 is an unknown value
RDI=0x00007fca729a81f8 is an unknown value
R8 =0x00000000000002a7 is an unknown value
R9 =0x0000000000000060 is an unknown value
R10=0x00000001047081f8 is at entry_point+56 in (nmethod*)0x0000000104708050
R11=0x0000000000000202 is an unknown value
R12=0x0000000000000000 is an unknown value
R13=0x0000000104a75604 is at entry_point+2756 in (nmethod*)0x0000000104a74790
R14=0x00007fca729a81f8 is an unknown value
R15=0x00007fca729a8000 is a thread


Stack: [0x000000012084a000,0x000000012094a000],  sp=0x0000000120949710,  free space=1021k
Native frames: (J=compiled Java code, j=interpreted, Vv=VM code, C=native code)
C  [libawt_lwawt.dylib+0x1ae47]  OGLSD_SetScratchSurface+0x49
C  [libawt_lwawt.dylib+0x3b28a]  Java_sun_java2d_opengl_OGLRenderQueue_flushBuffer+0x63a
J 2440  sun.java2d.opengl.OGLRenderQueue.flushBuffer(JI)V (0 bytes) @ 0x000000010470826a [0x00000001047081c0+0xaa]
J 2437 C1 sun.java2d.opengl.OGLRenderQueue.flushBuffer()V (41 bytes) @ 0x00000001044d523c [0x00000001044d4fe0+0x25c]
J 2428% C1 sun.java2d.opengl.OGLRenderQueue$QueueFlusher.run()V (234 bytes) @ 0x0000000104a754fc [0x0000000104a74b40+0x9bc]
v  ~StubRoutines::call_stub
V  [libjvm.dylib+0x2e032a]  JavaCalls::call_helper(JavaValue*, methodHandle*, JavaCallArguments*, Thread*)+0x6ae
V  [libjvm.dylib+0x2e0ab8]  JavaCalls::call_virtual(JavaValue*, KlassHandle, Symbol*, Symbol*, JavaCallArguments*, Thread*)+0x164
V  [libjvm.dylib+0x2e0c64]  JavaCalls::call_virtual(JavaValue*, Handle, KlassHandle, Symbol*, Symbol*, Thread*)+0x4a
V  [libjvm.dylib+0x3331a5]  thread_entry(JavaThread*, Thread*)+0x7c
V  [libjvm.dylib+0x549acf]  JavaThread::thread_main_inner()+0x9b
V  [libjvm.dylib+0x54b1c0]  JavaThread::run()+0x1c2
V  [libjvm.dylib+0x46ea7e]  java_start(Thread*)+0xf6
C  [libsystem_pthread.dylib+0x3268]  _pthread_body+0x83
C  [libsystem_pthread.dylib+0x31e5]  _pthread_body+0x0
C  [libsystem_pthread.dylib+0x141d]  thread_start+0xd
C  0x0000000000000000

Java frames: (J=compiled Java code, j=interpreted, Vv=VM code)
J 2440  sun.java2d.opengl.OGLRenderQueue.flushBuffer(JI)V (0 bytes) @ 0x00000001047081f8 [0x00000001047081c0+0x38]
J 2437 C1 sun.java2d.opengl.OGLRenderQueue.flushBuffer()V (41 bytes) @ 0x00000001044d523c [0x00000001044d4fe0+0x25c]
J 2428% C1 sun.java2d.opengl.OGLRenderQueue$QueueFlusher.run()V (234 bytes) @ 0x0000000104a754fc [0x0000000104a74b40+0x9bc]
v  ~StubRoutines::call_stub

---------------  P R O C E S S  ---------------

Java Threads: ( => current thread )
  0x00007fca77145000 JavaThread "Image Fetcher 0" daemon [_thread_blocked, id=23571, stack(0x0000000125b41000,0x0000000125c41000)]
  0x00007fca72b07000 JavaThread "TimerQueue" daemon [_thread_blocked, id=49367, stack(0x00000001263e6000,0x00000001264e6000)]
  0x00007fca721d3800 JavaThread "Java2D Disposer" daemon [_thread_blocked, id=52247, stack(0x00000001211ec000,0x00000001212ec000)]
=>0x00007fca729a8000 JavaThread "Java2D Queue Flusher" daemon [_thread_in_native, id=50695, stack(0x000000012084a000,0x000000012094a000)]
  0x00007fca7382f000 JavaThread "DestroyJavaVM" [_thread_blocked, id=4867, stack(0x0000000102a51000,0x0000000102b51000)]
  0x00007fca73871000 JavaThread "AWT-EventQueue-0" [_thread_blocked, id=48651, stack(0x000000012063a000,0x000000012073a000)]
  0x00007fca7209b000 JavaThread "AWT-Shutdown" [_thread_blocked, id=28435, stack(0x000000011dc3e000,0x000000011dd3e000)]
  0x00007fca7208b000 JavaThread "AppKit Thread" daemon [_thread_in_native, id=1811, stack(0x00007fff5cac6000,0x00007fff5d2c6000)]
  0x00007fca72081800 JavaThread "Service Thread" daemon [_thread_blocked, id=18179, stack(0x000000011c0b6000,0x000000011c1b6000)]
  0x00007fca72050800 JavaThread "C1 CompilerThread2" daemon [_thread_blocked, id=17667, stack(0x000000011bfb3000,0x000000011c0b3000)]
  0x00007fca72050000 JavaThread "C2 CompilerThread1" daemon [_thread_blocked, id=17155, stack(0x000000011beb0000,0x000000011bfb0000)]
  0x00007fca7202e000 JavaThread "C2 CompilerThread0" daemon [_thread_blocked, id=16643, stack(0x000000011bdad000,0x000000011bead000)]
  0x00007fca7380a800 JavaThread "Signal Dispatcher" daemon [_thread_blocked, id=16155, stack(0x000000011bcaa000,0x000000011bdaa000)]
  0x00007fca73031000 JavaThread "Finalizer" daemon [_thread_blocked, id=11523, stack(0x000000011a28e000,0x000000011a38e000)]
  0x00007fca7201e800 JavaThread "Reference Handler" daemon [_thread_blocked, id=11011, stack(0x000000011a18b000,0x000000011a28b000)]

Other Threads:
  0x00007fca73030000 VMThread [stack: 0x000000011a088000,0x000000011a188000] [id=10499]
  0x00007fca7380b800 WatcherThread [stack: 0x000000011c1b9000,0x000000011c2b9000] [id=18691]

VM state:not at safepoint (normal execution)

VM Mutex/Monitor currently owned by a thread: None

Heap:
 PSYoungGen      total 38400K, used 1228K [0x0000000795580000, 0x0000000798000000, 0x00000007c0000000)
  eden space 33280K, 3% used [0x0000000795580000,0x00000007956b3038,0x0000000797600000)
  from space 5120K, 0% used [0x0000000797b00000,0x0000000797b00000,0x0000000798000000)
  to   space 5120K, 0% used [0x0000000797600000,0x0000000797600000,0x0000000797b00000)
 ParOldGen       total 47616K, used 7812K [0x0000000740000000, 0x0000000742e80000, 0x0000000795580000)
  object space 47616K, 16% used [0x0000000740000000,0x00000007407a1080,0x0000000742e80000)
 Metaspace       used 20831K, capacity 21066K, committed 21504K, reserved 1069056K
  class space    used 2678K, capacity 2768K, committed 2816K, reserved 1048576K

Card table byte_map: [0x0000000113729000,0x0000000113b2a000] byte_map_base: 0x000000010fd29000

Marking Bits: (ParMarkBitMap*) 0x0000000103cc27a0
 Begin Bits: [0x00000001141e1000, 0x00000001161e1000)
 End Bits:   [0x00000001161e1000, 0x00000001181e1000)

Polling page: 0x0000000102b96000

CodeCache: size=245760Kb used=8981Kb max_used=9015Kb free=236778Kb
 bounds [0x0000000104369000, 0x0000000104c59000, 0x0000000113369000]
 total_blobs=3410 nmethods=2832 adapters=490
 compilation: enabled

Compilation events (10 events):
Event: 10663.672 Thread 0x00007fca72050800 3080       1       sun.awt.image.InputStreamImageSource::decoderForType (2 bytes)
Event: 10663.672 Thread 0x00007fca72050800 nmethod 3080 0x00000001046e7550 code [0x00000001046e76a0, 0x00000001046e77b0]
Event: 10663.707 Thread 0x00007fca72050800 3082       3       java.io.FilterInputStream::read (11 bytes)
Event: 10663.707 Thread 0x00007fca72050800 nmethod 3082 0x000000010483dd90 code [0x000000010483df00, 0x000000010483e128]
Event: 10664.810 Thread 0x00007fca7202e000 3083       4       java.util.concurrent.locks.AbstractQueuedSynchronizer::acquire (27 bytes)
Event: 10664.813 Thread 0x00007fca72050800 3084       3       java.util.zip.ZipFile$ZipFileInflaterInputStream::finalize (5 bytes)
Event: 10664.813 Thread 0x00007fca72050800 nmethod 3084 0x00000001048b2f50 code [0x00000001048b30c0, 0x00000001048b3268]
Event: 10664.814 Thread 0x00007fca72050800 3085       3       java.util.zip.ZipFile$ZipFileInputStream::finalize (5 bytes)
Event: 10664.814 Thread 0x00007fca72050800 nmethod 3085 0x00000001047716d0 code [0x0000000104771840, 0x00000001047719e8]
Event: 10664.814 Thread 0x00007fca7202e000 nmethod 3083 0x00000001047bf750 code [0x00000001047bf8c0, 0x00000001047bfa48]

GC Heap History (6 events):
Event: 162.128 GC heap before
{Heap before GC invocations=1 (full 0):
 PSYoungGen      total 38400K, used 33280K [0x0000000795580000, 0x0000000798000000, 0x00000007c0000000)
  eden space 33280K, 100% used [0x0000000795580000,0x0000000797600000,0x0000000797600000)
  from space 5120K, 0% used [0x0000000797b00000,0x0000000797b00000,0x0000000798000000)
  to   space 5120K, 0% used [0x0000000797600000,0x0000000797600000,0x0000000797b00000)
 ParOldGen       total 87552K, used 0K [0x0000000740000000, 0x0000000745580000, 0x0000000795580000)
  object space 87552K, 0% used [0x0000000740000000,0x0000000740000000,0x0000000745580000)
 Metaspace       used 19117K, capacity 19336K, committed 19584K, reserved 1067008K
  class space    used 2562K, capacity 2641K, committed 2688K, reserved 1048576K
Event: 162.138 GC heap after
Heap after GC invocations=1 (full 0):
 PSYoungGen      total 38400K, used 5105K [0x0000000795580000, 0x0000000798000000, 0x00000007c0000000)
  eden space 33280K, 0% used [0x0000000795580000,0x0000000795580000,0x0000000797600000)
  from space 5120K, 99% used [0x0000000797600000,0x0000000797afc6b8,0x0000000797b00000)
  to   space 5120K, 0% used [0x0000000797b00000,0x0000000797b00000,0x0000000798000000)
 ParOldGen       total 87552K, used 362K [0x0000000740000000, 0x0000000745580000, 0x0000000795580000)
  object space 87552K, 0% used [0x0000000740000000,0x000000074005a8f0,0x0000000745580000)
 Metaspace       used 19117K, capacity 19336K, committed 19584K, reserved 1067008K
  class space    used 2562K, capacity 2641K, committed 2688K, reserved 1048576K
}
Event: 10664.757 GC heap before
{Heap before GC invocations=2 (full 0):
 PSYoungGen      total 38400K, used 32557K [0x0000000795580000, 0x0000000798000000, 0x00000007c0000000)
  eden space 33280K, 82% used [0x0000000795580000,0x000000079704ef08,0x0000000797600000)
  from space 5120K, 99% used [0x0000000797600000,0x0000000797afc6b8,0x0000000797b00000)
  to   space 5120K, 0% used [0x0000000797b00000,0x0000000797b00000,0x0000000798000000)
 ParOldGen       total 87552K, used 362K [0x0000000740000000, 0x0000000745580000, 0x0000000795580000)
  object space 87552K, 0% used [0x0000000740000000,0x000000074005a8f0,0x0000000745580000)
 Metaspace       used 20840K, capacity 21020K, committed 21248K, reserved 1067008K
  class space    used 2680K, capacity 2775K, committed 2816K, reserved 1048576K
Event: 10664.772 GC heap after
Heap after GC invocations=2 (full 0):
 PSYoungGen      total 38400K, used 5103K [0x0000000795580000, 0x0000000798000000, 0x00000007c0000000)
  eden space 33280K, 0% used [0x0000000795580000,0x0000000795580000,0x0000000797600000)
  from space 5120K, 99% used [0x0000000797b00000,0x0000000797ffbc60,0x0000000798000000)
  to   space 5120K, 0% used [0x0000000797600000,0x0000000797600000,0x0000000797b00000)
 ParOldGen       total 87552K, used 5610K [0x0000000740000000, 0x0000000745580000, 0x0000000795580000)
  object space 87552K, 6% used [0x0000000740000000,0x000000074057a9d0,0x0000000745580000)
 Metaspace       used 20840K, capacity 21020K, committed 21248K, reserved 1067008K
  class space    used 2680K, capacity 2775K, committed 2816K, reserved 1048576K
}
Event: 10664.772 GC heap before
{Heap before GC invocations=3 (full 1):
 PSYoungGen      total 38400K, used 5103K [0x0000000795580000, 0x0000000798000000, 0x00000007c0000000)
  eden space 33280K, 0% used [0x0000000795580000,0x0000000795580000,0x0000000797600000)
  from space 5120K, 99% used [0x0000000797b00000,0x0000000797ffbc60,0x0000000798000000)
  to   space 5120K, 0% used [0x0000000797600000,0x0000000797600000,0x0000000797b00000)
 ParOldGen       total 87552K, used 5610K [0x0000000740000000, 0x0000000745580000, 0x0000000795580000)
  object space 87552K, 6% used [0x0000000740000000,0x000000074057a9d0,0x0000000745580000)
 Metaspace       used 20840K, capacity 21020K, committed 21248K, reserved 1067008K
  class space    used 2680K, capacity 2775K, committed 2816K, reserved 1048576K
Event: 10664.809 GC heap after
Heap after GC invocations=3 (full 1):
 PSYoungGen      total 38400K, used 0K [0x0000000795580000, 0x0000000798000000, 0x00000007c0000000)
  eden space 33280K, 0% used [0x0000000795580000,0x0000000795580000,0x0000000797600000)
  from space 5120K, 0% used [0x0000000797b00000,0x0000000797b00000,0x0000000798000000)
  to   space 5120K, 0% used [0x0000000797600000,0x0000000797600000,0x0000000797b00000)
 ParOldGen       total 47616K, used 7812K [0x0000000740000000, 0x0000000742e80000, 0x0000000795580000)
  object space 47616K, 16% used [0x0000000740000000,0x00000007407a1080,0x0000000742e80000)
 Metaspace       used 20828K, capacity 21002K, committed 21248K, reserved 1067008K
  class space    used 2677K, capacity 2768K, committed 2816K, reserved 1048576K
}

Deoptimization events (10 events):
Event: 10304.775 Thread 0x00007fca7208b000 Uncommon trap: reason=bimorphic action=maybe_recompile pc=0x0000000104678d6c method=java.util.HashMap.putVal(ILjava/lang/Object;Ljava/lang/Object;ZZ)Ljava/lang/Object; @ 203
Event: 10304.775 Thread 0x00007fca7208b000 Uncommon trap: reason=bimorphic action=maybe_recompile pc=0x0000000104678d6c method=java.util.HashMap.putVal(ILjava/lang/Object;Ljava/lang/Object;ZZ)Ljava/lang/Object; @ 203
Event: 10304.775 Thread 0x00007fca7208b000 Uncommon trap: reason=bimorphic action=maybe_recompile pc=0x0000000104678d6c method=java.util.HashMap.putVal(ILjava/lang/Object;Ljava/lang/Object;ZZ)Ljava/lang/Object; @ 203
Event: 10644.023 Thread 0x00007fca73871000 Uncommon trap: reason=unstable_if action=reinterpret pc=0x0000000104a62d74 method=java.awt.geom.AffineTransform.equals(Ljava/lang/Object;)Z @ 23
Event: 10647.116 Thread 0x00007fca73871000 Uncommon trap: reason=unstable_if action=reinterpret pc=0x000000010475314c method=sun.java2d.pipe.BufferedRenderPipe$BufferedDrawHandler.drawScanline(III)V @ 4
Event: 10647.118 Thread 0x00007fca73871000 Uncommon trap: reason=predicate action=maybe_recompile pc=0x0000000104adbc44 method=java.awt.image.RGBImageFilter.setPixels(IIIILjava/awt/image/ColorModel;[III)V @ 64
Event: 10647.118 Thread 0x00007fca73871000 Uncommon trap: reason=unstable_if action=reinterpret pc=0x00000001047cf6d0 method=java.awt.image.DirectColorModel.getsRGBComponentFromsRGB(II)I @ 20
Event: 10647.118 Thread 0x00007fca73871000 Uncommon trap: reason=unstable_if action=reinterpret pc=0x00000001047d3b88 method=java.awt.image.DirectColorModel.getsRGBComponentFromsRGB(II)I @ 20
Event: 10647.118 Thread 0x00007fca73871000 Uncommon trap: reason=unstable_if action=reinterpret pc=0x00000001047ba28c method=java.awt.image.DirectColorModel.getsRGBComponentFromsRGB(II)I @ 20
Event: 10647.118 Thread 0x00007fca73871000 Uncommon trap: reason=unstable_if action=reinterpret pc=0x00000001047d2248 method=java.awt.image.DirectColorModel.getsRGBComponentFromsRGB(II)I @ 20

Internal exceptions (10 events):
Event: 6.726 Thread 0x00007fca73871000 Exception <a 'java/io/FileNotFoundException'> (0x0000000796d8ab50) thrown at [/Users/java_re/workspace/8-2-build-macosx-x86_64/jdk8u45/3457/hotspot/src/share/vm/prims/jni.cpp, line 709]
Event: 6.728 Thread 0x00007fca73871000 Exception <a 'java/io/FileNotFoundException'> (0x0000000796d91150) thrown at [/Users/java_re/workspace/8-2-build-macosx-x86_64/jdk8u45/3457/hotspot/src/share/vm/prims/jni.cpp, line 709]
Event: 6.729 Thread 0x00007fca73871000 Exception <a 'java/io/FileNotFoundException'> (0x0000000796d95fb8) thrown at [/Users/java_re/workspace/8-2-build-macosx-x86_64/jdk8u45/3457/hotspot/src/share/vm/prims/jni.cpp, line 709]
Event: 6.731 Thread 0x00007fca73871000 Exception <a 'java/io/FileNotFoundException'> (0x0000000796d9b2c8) thrown at [/Users/java_re/workspace/8-2-build-macosx-x86_64/jdk8u45/3457/hotspot/src/share/vm/prims/jni.cpp, line 709]
Event: 6.734 Thread 0x00007fca73871000 Exception <a 'java/io/FileNotFoundException'> (0x0000000796da6150) thrown at [/Users/java_re/workspace/8-2-build-macosx-x86_64/jdk8u45/3457/hotspot/src/share/vm/prims/jni.cpp, line 709]
Event: 6.735 Thread 0x00007fca73871000 Exception <a 'java/io/FileNotFoundException'> (0x0000000796dab238) thrown at [/Users/java_re/workspace/8-2-build-macosx-x86_64/jdk8u45/3457/hotspot/src/share/vm/prims/jni.cpp, line 709]
Event: 6.737 Thread 0x00007fca73871000 Exception <a 'java/io/FileNotFoundException'> (0x0000000796e56758) thrown at [/Users/java_re/workspace/8-2-build-macosx-x86_64/jdk8u45/3457/hotspot/src/share/vm/prims/jni.cpp, line 709]
Event: 7468.961 Thread 0x00007fca7208b000 Implicit null exception at 0x0000000104a71ca9 to 0x0000000104a72ba5
Event: 7564.910 Thread 0x00007fca7208b000 Implicit null exception at 0x0000000104a2f68c to 0x0000000104a2f831
Event: 10262.381 Thread 0x00007fca73871000 Implicit null exception at 0x0000000104a8a91d to 0x0000000104a8b9b5

Events (10 events):
Event: 10664.813 Executing VM operation: RevokeBias
Event: 10664.813 Executing VM operation: RevokeBias done
Event: 10664.813 Executing VM operation: RevokeBias
Event: 10664.813 Executing VM operation: RevokeBias done
Event: 10664.813 Executing VM operation: RevokeBias
Event: 10664.813 Executing VM operation: RevokeBias done
Event: 10664.814 Executing VM operation: RevokeBias
Event: 10664.814 Executing VM operation: RevokeBias done
Event: 10664.814 Thread 0x00007fca72050800 flushing nmethod 0x0000000104477390
Event: 10664.816 Executing VM operation: RevokeBias


Dynamic libraries:
0x00000000028f5000 	/System/Library/Frameworks/Cocoa.framework/Versions/A/Cocoa
0x00000000028f5000 	/System/Library/Frameworks/Security.framework/Versions/A/Security
0x00000000028f5000 	/System/Library/Frameworks/ApplicationServices.framework/Versions/A/ApplicationServices
0x00000000028f5000 	/usr/lib/libz.1.dylib
0x00000000028f5000 	/usr/lib/libSystem.B.dylib
0x00000000028f5000 	/usr/lib/libobjc.A.dylib
0x00000000028f5000 	/System/Library/Frameworks/CoreFoundation.framework/Versions/A/CoreFoundation
0x00000000028f5000 	/System/Library/Frameworks/Foundation.framework/Versions/C/Foundation
0x00000000028f5000 	/System/Library/Frameworks/AppKit.framework/Versions/C/AppKit
0x00000000028f5000 	/System/Library/Frameworks/CoreData.framework/Versions/A/CoreData
0x00000000028f5000 	/System/Library/PrivateFrameworks/RemoteViewServices.framework/Versions/A/RemoteViewServices
0x00000000028f5000 	/System/Library/PrivateFrameworks/UIFoundation.framework/Versions/A/UIFoundation
0x00000000028f5000 	/System/Library/Frameworks/IOSurface.framework/Versions/A/IOSurface
0x00000000028f5000 	/System/Library/Frameworks/AudioToolbox.framework/Versions/A/AudioToolbox
0x00000000028f5000 	/System/Library/Frameworks/AudioUnit.framework/Versions/A/AudioUnit
0x00000000028f5000 	/System/Library/PrivateFrameworks/DataDetectorsCore.framework/Versions/A/DataDetectorsCore
0x00000000028f5000 	/System/Library/PrivateFrameworks/DesktopServicesPriv.framework/Versions/A/DesktopServicesPriv
0x00000000028f5000 	/System/Library/Frameworks/Carbon.framework/Versions/A/Frameworks/HIToolbox.framework/Versions/A/HIToolbox
0x00000000028f5000 	/System/Library/Frameworks/QuartzCore.framework/Versions/A/QuartzCore
0x00000000028f5000 	/System/Library/Frameworks/Carbon.framework/Versions/A/Frameworks/SpeechRecognition.framework/Versions/A/SpeechRecognition
0x00000000028f5000 	/usr/lib/libauto.dylib
0x00000000028f5000 	/usr/lib/libicucore.A.dylib
0x00000000028f5000 	/usr/lib/libxml2.2.dylib
0x00000000028f5000 	/System/Library/PrivateFrameworks/CoreUI.framework/Versions/A/CoreUI
0x00000000028f5000 	/System/Library/Frameworks/CoreAudio.framework/Versions/A/CoreAudio
0x00000000028f5000 	/System/Library/Frameworks/DiskArbitration.framework/Versions/A/DiskArbitration
0x00000000028f5000 	/usr/lib/liblangid.dylib
0x00000000028f5000 	/System/Library/PrivateFrameworks/MultitouchSupport.framework/Versions/A/MultitouchSupport
0x00000000028f5000 	/System/Library/Frameworks/IOKit.framework/Versions/A/IOKit
0x00000000028f5000 	/usr/lib/libDiagnosticMessagesClient.dylib
0x00000000028f5000 	/System/Library/Frameworks/CoreServices.framework/Versions/A/CoreServices
0x00000000028f5000 	/System/Library/PrivateFrameworks/PerformanceAnalysis.framework/Versions/A/PerformanceAnalysis
0x00000000028f5000 	/System/Library/PrivateFrameworks/GenerationalStorage.framework/Versions/A/GenerationalStorage
0x00000000028f5000 	/System/Library/Frameworks/OpenGL.framework/Versions/A/OpenGL
0x00000000028f5000 	/System/Library/PrivateFrameworks/Sharing.framework/Versions/A/Sharing
0x00000000028f5000 	/System/Library/Frameworks/CoreGraphics.framework/Versions/A/CoreGraphics
0x00000000028f5000 	/System/Library/Frameworks/CoreText.framework/Versions/A/CoreText
0x00000000028f5000 	/System/Library/Frameworks/ImageIO.framework/Versions/A/ImageIO
0x00000000028f5000 	/usr/lib/libextension.dylib
0x00000000028f5000 	/System/Library/PrivateFrameworks/Backup.framework/Versions/A/Backup
0x00000000028f5000 	/usr/lib/libarchive.2.dylib
0x00000000028f5000 	/System/Library/Frameworks/CFNetwork.framework/Versions/A/CFNetwork
0x00000000028f5000 	/System/Library/Frameworks/SystemConfiguration.framework/Versions/A/SystemConfiguration
0x00000000028f5000 	/usr/lib/libCRFSuite.dylib
0x00000000028f5000 	/usr/lib/libc++.1.dylib
0x00000000028f5000 	/usr/lib/libc++abi.dylib
0x00000000028f5000 	/usr/lib/system/libcache.dylib
0x00000000028f5000 	/usr/lib/system/libcommonCrypto.dylib
0x00000000028f5000 	/usr/lib/system/libcompiler_rt.dylib
0x00000000028f5000 	/usr/lib/system/libcopyfile.dylib
0x00000000028f5000 	/usr/lib/system/libcorecrypto.dylib
0x00000000028f5000 	/usr/lib/system/libdispatch.dylib
0x00000000028f5000 	/usr/lib/system/libdyld.dylib
0x00000000028f5000 	/usr/lib/system/libkeymgr.dylib
0x00000000028f5000 	/usr/lib/system/liblaunch.dylib
0x00000000028f5000 	/usr/lib/system/libmacho.dylib
0x00000000028f5000 	/usr/lib/system/libquarantine.dylib
0x00000000028f5000 	/usr/lib/system/libremovefile.dylib
0x00000000028f5000 	/usr/lib/system/libsystem_asl.dylib
0x00000000028f5000 	/usr/lib/system/libsystem_blocks.dylib
0x00000000028f5000 	/usr/lib/system/libsystem_c.dylib
0x00000000028f5000 	/usr/lib/system/libsystem_configuration.dylib
0x00000000028f5000 	/usr/lib/system/libsystem_coreservices.dylib
0x00000000028f5000 	/usr/lib/system/libsystem_coretls.dylib
0x00000000028f5000 	/usr/lib/system/libsystem_dnssd.dylib
0x00000000028f5000 	/usr/lib/system/libsystem_info.dylib
0x00000000028f5000 	/usr/lib/system/libsystem_kernel.dylib
0x00000000028f5000 	/usr/lib/system/libsystem_m.dylib
0x00000000028f5000 	/usr/lib/system/libsystem_malloc.dylib
0x00000000028f5000 	/usr/lib/system/libsystem_network.dylib
0x00000000028f5000 	/usr/lib/system/libsystem_networkextension.dylib
0x00000000028f5000 	/usr/lib/system/libsystem_notify.dylib
0x00000000028f5000 	/usr/lib/system/libsystem_platform.dylib
0x00000000028f5000 	/usr/lib/system/libsystem_pthread.dylib
0x00000000028f5000 	/usr/lib/system/libsystem_sandbox.dylib
0x00000000028f5000 	/usr/lib/system/libsystem_secinit.dylib
0x00000000028f5000 	/usr/lib/system/libsystem_stats.dylib
0x00000000028f5000 	/usr/lib/system/libsystem_trace.dylib
0x00000000028f5000 	/usr/lib/system/libunc.dylib
0x00000000028f5000 	/usr/lib/system/libunwind.dylib
0x00000000028f5000 	/usr/lib/system/libxpc.dylib
0x00000000028f5000 	/usr/lib/libbz2.1.0.dylib
0x00000000028f5000 	/usr/lib/liblzma.5.dylib
0x00000000028f5000 	/usr/lib/libbsm.0.dylib
0x00000000028f5000 	/usr/lib/libsqlite3.dylib
0x00000000028f5000 	/usr/lib/system/libkxld.dylib
0x00000000028f5000 	/usr/lib/libxar.1.dylib
0x00000000028f5000 	/usr/lib/libpam.2.dylib
0x00000000028f5000 	/usr/lib/libOpenScriptingUtil.dylib
0x00000000028f5000 	/System/Library/Frameworks/CoreServices.framework/Versions/A/Frameworks/FSEvents.framework/Versions/A/FSEvents
0x00000000028f5000 	/System/Library/Frameworks/CoreServices.framework/Versions/A/Frameworks/CarbonCore.framework/Versions/A/CarbonCore
0x00000000028f5000 	/System/Library/Frameworks/CoreServices.framework/Versions/A/Frameworks/Metadata.framework/Versions/A/Metadata
0x00000000028f5000 	/System/Library/Frameworks/CoreServices.framework/Versions/A/Frameworks/OSServices.framework/Versions/A/OSServices
0x00000000028f5000 	/System/Library/Frameworks/CoreServices.framework/Versions/A/Frameworks/SearchKit.framework/Versions/A/SearchKit
0x00000000028f5000 	/System/Library/Frameworks/CoreServices.framework/Versions/A/Frameworks/AE.framework/Versions/A/AE
0x00000000028f5000 	/System/Library/Frameworks/CoreServices.framework/Versions/A/Frameworks/LaunchServices.framework/Versions/A/LaunchServices
0x00000000028f5000 	/System/Library/Frameworks/CoreServices.framework/Versions/A/Frameworks/DictionaryServices.framework/Versions/A/DictionaryServices
0x00000000028f5000 	/System/Library/Frameworks/NetFS.framework/Versions/A/NetFS
0x00000000028f5000 	/System/Library/PrivateFrameworks/NetAuth.framework/Versions/A/NetAuth
0x00000000028f5000 	/System/Library/PrivateFrameworks/login.framework/Versions/A/Frameworks/loginsupport.framework/Versions/A/loginsupport
0x00000000028f5000 	/System/Library/PrivateFrameworks/TCC.framework/Versions/A/TCC
0x00000000028f5000 	/usr/lib/libmecabra.dylib
0x00000000028f5000 	/System/Library/Frameworks/ApplicationServices.framework/Versions/A/Frameworks/ATS.framework/Versions/A/ATS
0x00000000028f5000 	/System/Library/Frameworks/ApplicationServices.framework/Versions/A/Frameworks/ColorSync.framework/Versions/A/ColorSync
0x00000000028f5000 	/System/Library/Frameworks/ApplicationServices.framework/Versions/A/Frameworks/HIServices.framework/Versions/A/HIServices
0x00000000028f5000 	/System/Library/Frameworks/ApplicationServices.framework/Versions/A/Frameworks/LangAnalysis.framework/Versions/A/LangAnalysis
0x00000000028f5000 	/System/Library/Frameworks/ApplicationServices.framework/Versions/A/Frameworks/PrintCore.framework/Versions/A/PrintCore
0x00000000028f5000 	/System/Library/Frameworks/ApplicationServices.framework/Versions/A/Frameworks/QD.framework/Versions/A/QD
0x00000000028f5000 	/System/Library/Frameworks/ApplicationServices.framework/Versions/A/Frameworks/SpeechSynthesis.framework/Versions/A/SpeechSynthesis
0x00000000028f5000 	/System/Library/Frameworks/Accelerate.framework/Versions/A/Accelerate
0x00000000028f5000 	/System/Library/Frameworks/Accelerate.framework/Versions/A/Frameworks/vImage.framework/Versions/A/vImage
0x00000000028f5000 	/System/Library/Frameworks/Accelerate.framework/Versions/A/Frameworks/vecLib.framework/Versions/A/vecLib
0x00000000028f5000 	/System/Library/Frameworks/Accelerate.framework/Versions/A/Frameworks/vecLib.framework/Versions/A/libvDSP.dylib
0x00000000028f5000 	/System/Library/Frameworks/Accelerate.framework/Versions/A/Frameworks/vecLib.framework/Versions/A/libvMisc.dylib
0x00000000028f5000 	/System/Library/Frameworks/Accelerate.framework/Versions/A/Frameworks/vecLib.framework/Versions/A/libLAPACK.dylib
0x00000000028f5000 	/System/Library/Frameworks/Accelerate.framework/Versions/A/Frameworks/vecLib.framework/Versions/A/libBLAS.dylib
0x00000000028f5000 	/System/Library/Frameworks/Accelerate.framework/Versions/A/Frameworks/vecLib.framework/Versions/A/libLinearAlgebra.dylib
0x00000000028f5000 	/System/Library/Frameworks/ApplicationServices.framework/Versions/A/Frameworks/ATS.framework/Versions/A/Resources/libFontParser.dylib
0x00000000028f5000 	/System/Library/Frameworks/ApplicationServices.framework/Versions/A/Frameworks/ATS.framework/Versions/A/Resources/libFontRegistry.dylib
0x00000000028f5000 	/System/Library/PrivateFrameworks/AppleVPA.framework/Versions/A/AppleVPA
0x00000000028f5000 	/System/Library/PrivateFrameworks/AppleJPEG.framework/Versions/A/AppleJPEG
0x00000000028f5000 	/System/Library/Frameworks/ImageIO.framework/Versions/A/Resources/libJPEG.dylib
0x00000000028f5000 	/System/Library/Frameworks/ImageIO.framework/Versions/A/Resources/libTIFF.dylib
0x00000000028f5000 	/System/Library/Frameworks/ImageIO.framework/Versions/A/Resources/libPng.dylib
0x00000000028f5000 	/System/Library/Frameworks/ImageIO.framework/Versions/A/Resources/libGIF.dylib
0x00000000028f5000 	/System/Library/Frameworks/ImageIO.framework/Versions/A/Resources/libJP2.dylib
0x00000000028f5000 	/System/Library/Frameworks/ImageIO.framework/Versions/A/Resources/libRadiance.dylib
0x00000000028f5000 	/System/Library/Frameworks/CoreVideo.framework/Versions/A/CoreVideo
0x00000000028f5000 	/System/Library/Frameworks/OpenGL.framework/Versions/A/Libraries/libGLU.dylib
0x00000000028f5000 	/System/Library/Frameworks/OpenGL.framework/Versions/A/Libraries/libGFXShared.dylib
0x00000000028f5000 	/System/Library/Frameworks/OpenGL.framework/Versions/A/Libraries/libGL.dylib
0x00000000028f5000 	/System/Library/Frameworks/OpenGL.framework/Versions/A/Libraries/libGLImage.dylib
0x00000000028f5000 	/System/Library/Frameworks/OpenGL.framework/Versions/A/Libraries/libCVMSPluginSupport.dylib
0x00000000028f5000 	/System/Library/Frameworks/OpenGL.framework/Versions/A/Libraries/libCoreVMClient.dylib
0x00000000028f5000 	/usr/lib/libcups.2.dylib
0x00000000028f5000 	/System/Library/Frameworks/Kerberos.framework/Versions/A/Kerberos
0x00000000028f5000 	/System/Library/Frameworks/GSS.framework/Versions/A/GSS
0x00000000028f5000 	/usr/lib/libresolv.9.dylib
0x00000000028f5000 	/usr/lib/libiconv.2.dylib
0x00000000028f5000 	/System/Library/PrivateFrameworks/Heimdal.framework/Versions/A/Heimdal
0x00000000028f5000 	/usr/lib/libheimdal-asn1.dylib
0x00000000028f5000 	/System/Library/Frameworks/OpenDirectory.framework/Versions/A/OpenDirectory
0x00000000028f5000 	/System/Library/PrivateFrameworks/CommonAuth.framework/Versions/A/CommonAuth
0x00000000028f5000 	/System/Library/Frameworks/OpenDirectory.framework/Versions/A/Frameworks/CFOpenDirectory.framework/Versions/A/CFOpenDirectory
0x00000000028f5000 	/System/Library/Frameworks/SecurityFoundation.framework/Versions/A/SecurityFoundation
0x00000000028f5000 	/System/Library/PrivateFrameworks/LanguageModeling.framework/Versions/A/LanguageModeling
0x00000000028f5000 	/usr/lib/libcmph.dylib
0x00000000028f5000 	/System/Library/Frameworks/ServiceManagement.framework/Versions/A/ServiceManagement
0x00000000028f5000 	/usr/lib/libxslt.1.dylib
0x00000000028f5000 	/System/Library/Frameworks/Carbon.framework/Versions/A/Frameworks/Ink.framework/Versions/A/Ink
0x00000000028f5000 	/System/Library/Frameworks/QuartzCore.framework/Versions/A/Frameworks/CoreImage.framework/Versions/A/CoreImage
0x00000000028f5000 	/System/Library/PrivateFrameworks/CrashReporterSupport.framework/Versions/A/CrashReporterSupport
0x00000000028f5000 	/System/Library/Frameworks/OpenCL.framework/Versions/A/OpenCL
0x00000000028f5000 	/System/Library/PrivateFrameworks/FaceCore.framework/Versions/A/FaceCore
0x00000000028f5000 	/System/Library/PrivateFrameworks/Ubiquity.framework/Versions/A/Ubiquity
0x00000000028f5000 	/System/Library/PrivateFrameworks/IconServices.framework/Versions/A/IconServices
0x00000000028f5000 	/System/Library/PrivateFrameworks/ChunkingLibrary.framework/Versions/A/ChunkingLibrary
0x00000000028f5000 	/System/Library/PrivateFrameworks/Apple80211.framework/Versions/A/Apple80211
0x00000000028f5000 	/System/Library/Frameworks/CoreWLAN.framework/Versions/A/CoreWLAN
0x00000000028f5000 	/System/Library/Frameworks/IOBluetooth.framework/Versions/A/IOBluetooth
0x00000000028f5000 	/System/Library/PrivateFrameworks/CoreWiFi.framework/Versions/A/CoreWiFi
0x00000000028f5000 	/System/Library/Frameworks/CoreBluetooth.framework/Versions/A/CoreBluetooth
0x00000000028f5000 	/System/Library/PrivateFrameworks/DebugSymbols.framework/Versions/A/DebugSymbols
0x00000000028f5000 	/System/Library/PrivateFrameworks/CoreSymbolication.framework/Versions/A/CoreSymbolication
0x00000000028f5000 	/System/Library/PrivateFrameworks/Symbolication.framework/Versions/A/Symbolication
0x00000000028f5000 	/System/Library/PrivateFrameworks/SpeechRecognitionCore.framework/Versions/A/SpeechRecognitionCore
0x0000000103400000 	/Library/Java/JavaVirtualMachines/jdk1.8.0_45.jdk/Contents/Home/jre/lib/server/libjvm.dylib
0x00000000028f5000 	/usr/lib/libstdc++.6.dylib
0x0000000102b53000 	/Library/Java/JavaVirtualMachines/jdk1.8.0_45.jdk/Contents/Home/jre/lib/libverify.dylib
0x0000000102b61000 	/Library/Java/JavaVirtualMachines/jdk1.8.0_45.jdk/Contents/Home/jre/lib/libjava.dylib
0x0000000102ba0000 	/Library/Java/JavaVirtualMachines/jdk1.8.0_45.jdk/Contents/Home/jre/lib/libzip.dylib
0x000000011a390000 	/System/Library/Frameworks/JavaVM.framework/Frameworks/JavaRuntimeSupport.framework/JavaRuntimeSupport
0x000000011a3a6000 	/System/Library/Frameworks/JavaVM.framework/Versions/A/Frameworks/JavaNativeFoundation.framework/Versions/A/JavaNativeFoundation
0x000000011a3ba000 	/System/Library/Frameworks/JavaVM.framework/Versions/A/JavaVM
0x00000000028f5000 	/System/Library/Frameworks/Carbon.framework/Versions/A/Carbon
0x000000011a3c6000 	/System/Library/PrivateFrameworks/JavaLaunching.framework/Versions/A/JavaLaunching
0x00000000028f5000 	/System/Library/Frameworks/Carbon.framework/Versions/A/Frameworks/CommonPanels.framework/Versions/A/CommonPanels
0x00000000028f5000 	/System/Library/Frameworks/Carbon.framework/Versions/A/Frameworks/Help.framework/Versions/A/Help
0x00000000028f5000 	/System/Library/Frameworks/Carbon.framework/Versions/A/Frameworks/ImageCapture.framework/Versions/A/ImageCapture
0x00000000028f5000 	/System/Library/Frameworks/Carbon.framework/Versions/A/Frameworks/OpenScripting.framework/Versions/A/OpenScripting
0x00000000028f5000 	/System/Library/Frameworks/Carbon.framework/Versions/A/Frameworks/Print.framework/Versions/A/Print
0x00000000028f5000 	/System/Library/Frameworks/Carbon.framework/Versions/A/Frameworks/SecurityHI.framework/Versions/A/SecurityHI
0x000000011c2f6000 	/Library/Java/JavaVirtualMachines/jdk1.8.0_45.jdk/Contents/Home/jre/lib/libawt.dylib
0x000000011c39e000 	/Library/Java/JavaVirtualMachines/jdk1.8.0_45.jdk/Contents/Home/jre/lib/./libmlib_image.dylib
0x000000011c46a000 	/Library/Java/JavaVirtualMachines/jdk1.8.0_45.jdk/Contents/Home/jre/lib/libawt_lwawt.dylib
0x000000011c51e000 	/Library/Java/JavaVirtualMachines/jdk1.8.0_45.jdk/Contents/Home/jre/lib/./libosxapp.dylib
0x00000000028f5000 	/System/Library/Frameworks/ExceptionHandling.framework/Versions/A/ExceptionHandling
0x00000000028f5000 	/System/Library/PrivateFrameworks/CoreServicesInternal.framework/Versions/A/CoreServicesInternal
0x00000000028f5000 	/System/Library/PrivateFrameworks/CloudDocs.framework/Versions/A/CloudDocs
0x00000000028f5000 	/System/Library/PrivateFrameworks/CoreDuet.framework/Versions/A/CoreDuet
0x00000000028f5000 	/System/Library/Frameworks/CloudKit.framework/Versions/A/CloudKit
0x00000000028f5000 	/System/Library/PrivateFrameworks/ProtocolBuffer.framework/Versions/A/ProtocolBuffer
0x00000000028f5000 	/System/Library/PrivateFrameworks/CoreDuetDaemonProtocol.framework/Versions/A/CoreDuetDaemonProtocol
0x00000000028f5000 	/System/Library/PrivateFrameworks/CoreDuetDebugLogging.framework/Versions/A/CoreDuetDebugLogging
0x00000000028f5000 	/System/Library/PrivateFrameworks/MMCS.framework/Versions/A/MMCS
0x00000000028f5000 	/System/Library/Frameworks/CoreLocation.framework/Versions/A/CoreLocation
0x00000000028f5000 	/System/Library/PrivateFrameworks/ProtectedCloudStorage.framework/Versions/A/ProtectedCloudStorage
0x00000000028f5000 	/System/Library/PrivateFrameworks/GeoServices.framework/Versions/A/GeoServices
0x00000000028f5000 	/System/Library/Frameworks/CoreGraphics.framework/Versions/A/Resources/libCGCMS.A.dylib
0x00000000028f5000 	/System/Library/Frameworks/CoreGraphics.framework/Versions/A/Resources/libRIP.A.dylib
0x00000000028f5000 	/System/Library/Frameworks/CoreGraphics.framework/Versions/A/Resources/libCGXType.A.dylib
0x00000000028f5000 	/System/Library/Frameworks/OpenCL.framework/Versions/A/Libraries/libcldcpuengine.dylib
0x00000000028f5000 	/System/Library/PrivateFrameworks/DiskImages.framework/Versions/A/DiskImages
0x00000000028f5000 	/System/Library/Frameworks/DiscRecording.framework/Versions/A/DiscRecording
0x00000000028f5000 	/usr/lib/libcsfde.dylib
0x00000000028f5000 	/usr/lib/libcurl.4.dylib
0x00000000028f5000 	/System/Library/PrivateFrameworks/MediaKit.framework/Versions/A/MediaKit
0x00000000028f5000 	/usr/lib/libCoreStorage.dylib
0x00000000028f5000 	/System/Library/PrivateFrameworks/EFILogin.framework/Versions/A/EFILogin
0x00000000028f5000 	/usr/lib/libutil.dylib
0x00000000028f5000 	/System/Library/PrivateFrameworks/FindMyDevice.framework/Versions/A/FindMyDevice
0x00000000028f5000 	/System/Library/Frameworks/LDAP.framework/Versions/A/LDAP
0x00000000028f5000 	/usr/lib/libsasl2.2.dylib
0x00000000028f5000 	/System/Library/PrivateFrameworks/CoreDaemon.framework/Versions/B/CoreDaemon
0x00000000028f5000 	/usr/lib/libcrypto.0.9.8.dylib
0x00000000028f5000 	/System/Library/PrivateFrameworks/AppleSRP.framework/Versions/A/AppleSRP
0x00000000028f5000 	/System/Library/PrivateFrameworks/TrustEvaluationAgent.framework/Versions/A/TrustEvaluationAgent
0x000000011f3bb000 	cl_kernels
0x000000011f3bd000 	/System/Library/Frameworks/OpenCL.framework/Versions/A/Libraries/ImageFormats/unorm8_bgra.dylib
0x000000011f3ac000 	cl_kernels
0x00000000028f5000 	/System/Library/PrivateFrameworks/FamilyControls.framework/Versions/A/FamilyControls
0x00000000028f5000 	/System/Library/PrivateFrameworks/CommerceKit.framework/Versions/A/Frameworks/CommerceCore.framework/Versions/A/CommerceCore
0x00000000028f5000 	/System/Library/PrivateFrameworks/SystemAdministration.framework/Versions/A/SystemAdministration
0x00000000028f5000 	/System/Library/PrivateFrameworks/AppContainer.framework/Versions/A/AppContainer
0x00000000028f5000 	/System/Library/PrivateFrameworks/SecCodeWrapper.framework/Versions/A/SecCodeWrapper
0x00000000028f5000 	/System/Library/Frameworks/DirectoryService.framework/Versions/A/DirectoryService
0x00000000028f5000 	/System/Library/PrivateFrameworks/LoginUIKit.framework/Versions/A/Frameworks/LoginUICore.framework/Versions/A/LoginUICore
0x00000000028f5000 	/usr/lib/libodfde.dylib
0x00000001205ac000 	/Library/Java/JavaVirtualMachines/jdk1.8.0_45.jdk/Contents/Home/jre/lib/libfontmanager.dylib
0x000000012073c000 	/Library/Java/JavaVirtualMachines/jdk1.8.0_45.jdk/Contents/Home/jre/lib/libosxui.dylib
0x00000000028f5000 	/System/Library/Frameworks/OpenGL.framework/Versions/A/Resources/GLEngine.bundle/GLEngine
0x00000000028f5000 	/System/Library/Frameworks/OpenGL.framework/Versions/A/Libraries/libGLProgrammability.dylib
0x0000000000000000 	/System/Library/Extensions/AppleIntelHD5000GraphicsGLDriver.bundle/Contents/MacOS/AppleIntelHD5000GraphicsGLDriver
0x00000000028f5000 	/System/Library/PrivateFrameworks/IOAccelerator.framework/Versions/A/IOAccelerator
0x00000000028f5000 	/System/Library/PrivateFrameworks/GPUSupport.framework/Versions/A/Libraries/libGPUSupportMercury.dylib
0x00000000028f5000 	/System/Library/Frameworks/OpenGL.framework/Versions/A/Resources/GLRendererFloat.bundle/GLRendererFloat
0x0000000121a59000 	/Library/Java/JavaVirtualMachines/jdk1.8.0_45.jdk/Contents/Home/jre/lib/libnet.dylib
0x0000000121992000 	/Library/Java/JavaVirtualMachines/jdk1.8.0_45.jdk/Contents/Home/jre/lib/libnio.dylib
0x0000000121fbe000 	/System/Library/CoreServices/RawCamera.bundle/Contents/MacOS/RawCamera
0x00000000028f5000 	/System/Library/Frameworks/ApplicationServices.framework/Versions/A/Frameworks/ATS.framework/Versions/A/Resources/libTrueTypeScaler.dylib
0x000000011a467000 	/Library/Java/JavaVirtualMachines/jdk1.8.0_45.jdk/Contents/Home/jre/lib/libdcpr.dylib

VM Arguments:
jvm_args: -Dfile.encoding=UTF-8 
java_command: dfEditor.dfEditorApp
java_class_path (initial): /Users/maaretp/GithubRepositories/darkFunction-Editor/bin:/Users/maaretp/GithubRepositories/darkFunction-Editor/izpack/standalone-compiler.jar:/Users/maaretp/GithubRepositories/darkFunction-Editor/lib/AbsoluteLayout.jar:/Users/maaretp/GithubRepositories/darkFunction-Editor/lib/absolutelayout/AbsoluteLayout.jar:/Users/maaretp/GithubRepositories/darkFunction-Editor/lib/CopyLibs/org-netbeans-modules-java-j2seproject-copylibstask.jar:/Users/maaretp/GithubRepositories/darkFunction-Editor/lib/isorelax.jar:/Users/maaretp/GithubRepositories/darkFunction-Editor/lib/junit_4/junit-4.5-src.jar:/Users/maaretp/GithubRepositories/darkFunction-Editor/lib/junit_4/junit-4.5.jar:/Users/maaretp/GithubRepositories/darkFunction-Editor/lib/junit/junit-3.8.2.jar:/Users/maaretp/GithubRepositories/darkFunction-Editor/lib/org-openide-awt.jar:/Users/maaretp/GithubRepositories/darkFunction-Editor/lib/org-openide-util.jar:/Users/maaretp/GithubRepositories/darkFunction-Editor/lib/swing-app-framework/appframework-1.0.3.jar:/Users/maaretp/GithubRepositories/darkFunction-Editor/lib/swing-app-framework/swing-worker-1.1.jar:/Users/maaretp/GithubRepositories/darkFunction-Editor/lib/swing-layout/swing-layout-1.0.4.jar:/Users/maaretp/GithubRepositories/darkFunction-Editor/lib/tinylaf/tinycp.jar:/Users/maaretp/GithubRepositories/darkFunction-Editor/lib/tinylaf/tinylaf.jar:/Users/maaretp/GithubRepositories/darkFunction-Editor/lib/xmlenc-0.52.jar:/Users/maaretp/GithubRepositories/darkFunction-Editor/yguard/yguard.jar:/Users/maaretp/GithubRepositories/darkFunction-Editor/lib/ApprovalTests.jar
Launcher Type: SUN_STANDARD

Environment Variables:
PATH=/usr/bin:/bin:/usr/sbin:/sbin
SHELL=/bin/zsh

Signal Handlers:
SIGSEGV: [libjvm.dylib+0x58ef95], sa_mask[0]=11111111011111110111111111111111, sa_flags=SA_ONSTACK|SA_RESTART|SA_SIGINFO
SIGBUS: [libjvm.dylib+0x58ef95], sa_mask[0]=11111111011111110111111111111111, sa_flags=SA_RESTART|SA_SIGINFO
SIGFPE: [libjvm.dylib+0x46c108], sa_mask[0]=11111111011111110111111111111111, sa_flags=SA_RESTART|SA_SIGINFO
SIGPIPE: [libjvm.dylib+0x46c108], sa_mask[0]=11111111011111110111111111111111, sa_flags=SA_RESTART|SA_SIGINFO
SIGXFSZ: [libjvm.dylib+0x46c108], sa_mask[0]=11111111011111110111111111111111, sa_flags=SA_RESTART|SA_SIGINFO
SIGILL: [libjvm.dylib+0x46c108], sa_mask[0]=11111111011111110111111111111111, sa_flags=SA_RESTART|SA_SIGINFO
SIGUSR1: SIG_DFL, sa_mask[0]=00000000000000000000000000000000, sa_flags=none
SIGUSR2: [libjvm.dylib+0x46bc26], sa_mask[0]=00100000000000000000000000000000, sa_flags=SA_RESTART|SA_SIGINFO
SIGHUP: [libjvm.dylib+0x46a1f9], sa_mask[0]=11111111011111110111111111111111, sa_flags=SA_RESTART|SA_SIGINFO
SIGINT: [libjvm.dylib+0x46a1f9], sa_mask[0]=11111111011111110111111111111111, sa_flags=SA_RESTART|SA_SIGINFO
SIGTERM: [libjvm.dylib+0x46a1f9], sa_mask[0]=11111111011111110111111111111111, sa_flags=SA_RESTART|SA_SIGINFO
SIGQUIT: [libjvm.dylib+0x46a1f9], sa_mask[0]=11111111011111110111111111111111, sa_flags=SA_RESTART|SA_SIGINFO


---------------  S Y S T E M  ---------------

OS:Bsduname:Darwin 14.4.0 Darwin Kernel Version 14.4.0: Thu May 28 11:35:04 PDT 2015; root:xnu-2782.30.5~1/RELEASE_X86_64 x86_64
rlimit: STACK 8192k, CORE 0k, NPROC 709, NOFILE 10240, AS infinity
load average:1.74 1.68 1.74

CPU:total 4 (2 cores per cpu, 2 threads per core) family 6 model 69 stepping 1, cmov, cx8, fxsr, mmx, sse, sse2, sse3, ssse3, sse4.1, sse4.2, popcnt, avx, avx2, aes, clmul, erms, lzcnt, ht, tsc, tscinvbit, bmi1, bmi2

Memory: 4k page, physical 8388608k(475616k free)

/proc/meminfo:


vm_info: Java HotSpot(TM) 64-Bit Server VM (25.45-b02) for bsd-amd64 JRE (1.8.0_45-b14), built on Apr 10 2015 10:46:38 by "java_re" with gcc 4.2.1 (Based on Apple Inc. build 5658) (LLVM build 2336.11.00)

time: Tue Aug  4 11:15:54 2015
elapsed time: 10664 seconds (0d 2h 57m 44s)

